2019-03-23 16:22:01,340 INFO 1228 [beidou:isomorphic] isomorphic.alias detected: { client: 'G:\\with-dva\\client' }
2019-03-23 16:22:01,482 INFO 1228 [Beidou App] App Worker started, pid is 1228
2019-03-23 18:31:22,740 INFO 10084 [beidou:isomorphic] isomorphic.alias detected: { client: 'G:\\with-dva\\client' }
2019-03-23 18:31:22,878 INFO 10084 [Beidou App] App Worker started, pid is 10084
2019-03-23 18:31:44,539 INFO 676 [beidou:isomorphic] isomorphic.alias detected: { client: 'G:\\with-dva\\client' }
2019-03-23 18:31:44,678 INFO 676 [Beidou App] App Worker started, pid is 676
2019-03-23 18:31:45,715 ERROR 676 [-/::1/-/822ms GET /] nodejs.Invariant Violation: [app.router] router should be function, but got object
    at invariant (G:\with-dva\node_modules\_invariant@2.2.4@invariant\invariant.js:40:15)
    at Object.router (G:\with-dva\node_modules\_dva@2.4.1@dva\lib\index.js:55:28)
    at router (G:\with-dva\client/index.jsx:21:7)
    at createApp (G:\with-dva\client/index.jsx:27:17)
    at module.exports (G:\with-dva\node_modules\_beidou-view@2.0.1@beidou-view\app\view-middlewares\partial.js:14:9)
    at dispatch (G:\with-dva\node_modules\_koa-compose@4.1.0@koa-compose\index.js:42:32)
    at module.exports (G:\with-dva\node_modules\_beidou-view@2.0.1@beidou-view\app\view-middlewares\redux.js:36:9)
    at dispatch (G:\with-dva\node_modules\_koa-compose@4.1.0@koa-compose\index.js:42:32)
    at module.exports (G:\with-dva\node_modules\_beidou-view@2.0.1@beidou-view\app\view-middlewares\initialprops.js:33:9)
    at dispatch (G:\with-dva\node_modules\_koa-compose@4.1.0@koa-compose\index.js:42:32)
name: "Invariant Violation"
framesToPop: 1
pid: 676
hostname: PC-201901082126

2019-03-23 18:32:15,354 ERROR 676 [-/::1/-/46ms GET /] nodejs.Invariant Violation: [app.router] router should be function, but got object
    at invariant (G:\with-dva\node_modules\_invariant@2.2.4@invariant\invariant.js:40:15)
    at Object.router (G:\with-dva\node_modules\_dva@2.4.1@dva\lib\index.js:55:28)
    at router (G:\with-dva\client/index.jsx:21:7)
    at createApp (G:\with-dva\client/index.jsx:27:17)
    at module.exports (G:\with-dva\node_modules\_beidou-view@2.0.1@beidou-view\app\view-middlewares\partial.js:14:9)
    at dispatch (G:\with-dva\node_modules\_koa-compose@4.1.0@koa-compose\index.js:42:32)
    at module.exports (G:\with-dva\node_modules\_beidou-view@2.0.1@beidou-view\app\view-middlewares\redux.js:36:9)
    at dispatch (G:\with-dva\node_modules\_koa-compose@4.1.0@koa-compose\index.js:42:32)
    at module.exports (G:\with-dva\node_modules\_beidou-view@2.0.1@beidou-view\app\view-middlewares\initialprops.js:33:9)
    at dispatch (G:\with-dva\node_modules\_koa-compose@4.1.0@koa-compose\index.js:42:32)
name: "Invariant Violation"
framesToPop: 1
pid: 676
hostname: PC-201901082126

2019-03-23 18:32:35,831 INFO 10312 [beidou:isomorphic] isomorphic.alias detected: { client: 'G:\\with-dva\\client' }
2019-03-23 18:32:35,977 INFO 10312 [Beidou App] App Worker started, pid is 10312
2019-03-23 18:32:40,614 ERROR 10312 [-/::1/-/1005ms GET /] nodejs.Invariant Violation: [app.router] router should be function, but got object
    at invariant (G:\with-dva\node_modules\_invariant@2.2.4@invariant\invariant.js:40:15)
    at Object.router (G:\with-dva\node_modules\_dva@2.4.1@dva\lib\index.js:55:28)
    at router (G:\with-dva\client/index.jsx:21:7)
    at createApp (G:\with-dva\client/index.jsx:27:17)
    at module.exports (G:\with-dva\node_modules\_beidou-view@2.0.1@beidou-view\app\view-middlewares\partial.js:14:9)
    at dispatch (G:\with-dva\node_modules\_koa-compose@4.1.0@koa-compose\index.js:42:32)
    at module.exports (G:\with-dva\node_modules\_beidou-view@2.0.1@beidou-view\app\view-middlewares\redux.js:36:9)
    at dispatch (G:\with-dva\node_modules\_koa-compose@4.1.0@koa-compose\index.js:42:32)
    at module.exports (G:\with-dva\node_modules\_beidou-view@2.0.1@beidou-view\app\view-middlewares\initialprops.js:33:9)
    at dispatch (G:\with-dva\node_modules\_koa-compose@4.1.0@koa-compose\index.js:42:32)
name: "Invariant Violation"
framesToPop: 1
pid: 10312
hostname: PC-201901082126

2019-03-23 18:33:18,533 INFO 9816 [beidou:isomorphic] isomorphic.alias detected: { client: 'G:\\with-dva\\client' }
2019-03-23 18:33:18,673 INFO 9816 [Beidou App] App Worker started, pid is 9816
2019-03-23 18:33:19,633 ERROR 9816 [-/127.0.0.1/-/876ms GET /] nodejs.Invariant Violation: [app.router] router should be function, but got object
    at invariant (G:\with-dva\node_modules\_invariant@2.2.4@invariant\invariant.js:40:15)
    at Object.router (G:\with-dva\node_modules\_dva@2.4.1@dva\lib\index.js:55:28)
    at router (G:\with-dva\client/index.jsx:21:7)
    at createApp (G:\with-dva\client/index.jsx:27:17)
    at module.exports (G:\with-dva\node_modules\_beidou-view@2.0.1@beidou-view\app\view-middlewares\partial.js:14:9)
    at dispatch (G:\with-dva\node_modules\_koa-compose@4.1.0@koa-compose\index.js:42:32)
    at module.exports (G:\with-dva\node_modules\_beidou-view@2.0.1@beidou-view\app\view-middlewares\redux.js:36:9)
    at dispatch (G:\with-dva\node_modules\_koa-compose@4.1.0@koa-compose\index.js:42:32)
    at module.exports (G:\with-dva\node_modules\_beidou-view@2.0.1@beidou-view\app\view-middlewares\initialprops.js:33:9)
    at dispatch (G:\with-dva\node_modules\_koa-compose@4.1.0@koa-compose\index.js:42:32)
name: "Invariant Violation"
framesToPop: 1
pid: 9816
hostname: PC-201901082126

2019-03-23 18:35:23,019 INFO 10712 [beidou:isomorphic] isomorphic.alias detected: { client: 'G:\\with-dva\\client' }
2019-03-23 18:35:23,165 INFO 10712 [Beidou App] App Worker started, pid is 10712
2019-03-23 18:35:27,705 ERROR 10712 [-/::1/-/957ms GET /] nodejs.Invariant Violation: [app.router] router should be function, but got object
    at invariant (G:\with-dva\node_modules\_invariant@2.2.4@invariant\invariant.js:40:15)
    at Object.router (G:\with-dva\node_modules\_dva@2.4.1@dva\lib\index.js:55:28)
    at router (G:\with-dva\client/index.jsx:21:7)
    at createApp (G:\with-dva\client/index.jsx:27:17)
    at module.exports (G:\with-dva\node_modules\_beidou-view@2.0.1@beidou-view\app\view-middlewares\partial.js:14:9)
    at dispatch (G:\with-dva\node_modules\_koa-compose@4.1.0@koa-compose\index.js:42:32)
    at module.exports (G:\with-dva\node_modules\_beidou-view@2.0.1@beidou-view\app\view-middlewares\redux.js:36:9)
    at dispatch (G:\with-dva\node_modules\_koa-compose@4.1.0@koa-compose\index.js:42:32)
    at module.exports (G:\with-dva\node_modules\_beidou-view@2.0.1@beidou-view\app\view-middlewares\initialprops.js:33:9)
    at dispatch (G:\with-dva\node_modules\_koa-compose@4.1.0@koa-compose\index.js:42:32)
name: "Invariant Violation"
framesToPop: 1
pid: 10712
hostname: PC-201901082126

2019-03-23 18:35:37,111 ERROR 10712 [-/::1/-/34ms GET /] nodejs.Invariant Violation: [app.router] router should be function, but got object
    at invariant (G:\with-dva\node_modules\_invariant@2.2.4@invariant\invariant.js:40:15)
    at Object.router (G:\with-dva\node_modules\_dva@2.4.1@dva\lib\index.js:55:28)
    at router (G:\with-dva\client/index.jsx:21:7)
    at createApp (G:\with-dva\client/index.jsx:27:17)
    at module.exports (G:\with-dva\node_modules\_beidou-view@2.0.1@beidou-view\app\view-middlewares\partial.js:14:9)
    at dispatch (G:\with-dva\node_modules\_koa-compose@4.1.0@koa-compose\index.js:42:32)
    at module.exports (G:\with-dva\node_modules\_beidou-view@2.0.1@beidou-view\app\view-middlewares\redux.js:36:9)
    at dispatch (G:\with-dva\node_modules\_koa-compose@4.1.0@koa-compose\index.js:42:32)
    at module.exports (G:\with-dva\node_modules\_beidou-view@2.0.1@beidou-view\app\view-middlewares\initialprops.js:33:9)
    at dispatch (G:\with-dva\node_modules\_koa-compose@4.1.0@koa-compose\index.js:42:32)
name: "Invariant Violation"
framesToPop: 1
pid: 10712
hostname: PC-201901082126

2019-03-23 18:35:54,625 INFO 8260 [beidou:isomorphic] isomorphic.alias detected: { client: 'G:\\with-dva\\client' }
2019-03-23 18:35:54,755 INFO 8260 [Beidou App] App Worker started, pid is 8260
2019-03-23 18:36:00,236 ERROR 8260 [-/::1/-/918ms GET /] nodejs.Invariant Violation: [app.router] router should be function, but got object
    at invariant (G:\with-dva\node_modules\_invariant@2.2.4@invariant\invariant.js:40:15)
    at Object.router (G:\with-dva\node_modules\_dva@2.4.1@dva\lib\index.js:55:28)
    at router (G:\with-dva\client/index.jsx:21:7)
    at createApp (G:\with-dva\client/index.jsx:27:17)
    at module.exports (G:\with-dva\node_modules\_beidou-view@2.0.1@beidou-view\app\view-middlewares\partial.js:14:9)
    at dispatch (G:\with-dva\node_modules\_koa-compose@4.1.0@koa-compose\index.js:42:32)
    at module.exports (G:\with-dva\node_modules\_beidou-view@2.0.1@beidou-view\app\view-middlewares\redux.js:36:9)
    at dispatch (G:\with-dva\node_modules\_koa-compose@4.1.0@koa-compose\index.js:42:32)
    at module.exports (G:\with-dva\node_modules\_beidou-view@2.0.1@beidou-view\app\view-middlewares\initialprops.js:33:9)
    at dispatch (G:\with-dva\node_modules\_koa-compose@4.1.0@koa-compose\index.js:42:32)
name: "Invariant Violation"
framesToPop: 1
pid: 8260
hostname: PC-201901082126

2019-03-23 18:41:52,409 INFO 9220 [beidou:isomorphic] isomorphic.alias detected: { client: 'G:\\with-dva\\client' }
2019-03-23 18:41:52,542 INFO 9220 [Beidou App] App Worker started, pid is 9220
2019-03-23 18:41:56,799 ERROR 9220 [-/::1/-/1043ms GET /] nodejs.Invariant Violation: [app.router] router should be function, but got undefined
    at invariant (G:\with-dva\node_modules\_invariant@2.2.4@invariant\invariant.js:40:15)
    at Object.router (G:\with-dva\node_modules\_dva@2.4.1@dva\lib\index.js:55:28)
    at router (G:\with-dva\client/index.jsx:21:7)
    at createApp (G:\with-dva\client/index.jsx:27:17)
    at module.exports (G:\with-dva\node_modules\_beidou-view@2.0.1@beidou-view\app\view-middlewares\partial.js:14:9)
    at dispatch (G:\with-dva\node_modules\_koa-compose@4.1.0@koa-compose\index.js:42:32)
    at module.exports (G:\with-dva\node_modules\_beidou-view@2.0.1@beidou-view\app\view-middlewares\redux.js:36:9)
    at dispatch (G:\with-dva\node_modules\_koa-compose@4.1.0@koa-compose\index.js:42:32)
    at module.exports (G:\with-dva\node_modules\_beidou-view@2.0.1@beidou-view\app\view-middlewares\initialprops.js:33:9)
    at dispatch (G:\with-dva\node_modules\_koa-compose@4.1.0@koa-compose\index.js:42:32)
name: "Invariant Violation"
framesToPop: 1
pid: 9220
hostname: PC-201901082126

2019-03-23 18:43:15,544 ERROR 9220 [-/::1/-/113ms GET /] nodejs.Invariant Violation: [app.router] router should be function, but got undefined
    at invariant (G:\with-dva\node_modules\_invariant@2.2.4@invariant\invariant.js:40:15)
    at Object.router (G:\with-dva\node_modules\_dva@2.4.1@dva\lib\index.js:55:28)
    at router (G:\with-dva\client/index.jsx:21:7)
    at createApp (G:\with-dva\client/index.jsx:27:17)
    at module.exports (G:\with-dva\node_modules\_beidou-view@2.0.1@beidou-view\app\view-middlewares\partial.js:14:9)
    at dispatch (G:\with-dva\node_modules\_koa-compose@4.1.0@koa-compose\index.js:42:32)
    at module.exports (G:\with-dva\node_modules\_beidou-view@2.0.1@beidou-view\app\view-middlewares\redux.js:36:9)
    at dispatch (G:\with-dva\node_modules\_koa-compose@4.1.0@koa-compose\index.js:42:32)
    at module.exports (G:\with-dva\node_modules\_beidou-view@2.0.1@beidou-view\app\view-middlewares\initialprops.js:33:9)
    at dispatch (G:\with-dva\node_modules\_koa-compose@4.1.0@koa-compose\index.js:42:32)
name: "Invariant Violation"
framesToPop: 1
pid: 9220
hostname: PC-201901082126

2019-03-23 18:43:30,989 INFO 10336 [beidou:isomorphic] isomorphic.alias detected: { client: 'G:\\with-dva\\client' }
2019-03-23 18:43:31,113 INFO 10336 [Beidou App] App Worker started, pid is 10336
2019-03-23 18:43:32,282 ERROR 10336 [-/::1/-/1014ms GET /] nodejs.Invariant Violation: [app.router] router should be function, but got undefined
    at invariant (G:\with-dva\node_modules\_invariant@2.2.4@invariant\invariant.js:40:15)
    at Object.router (G:\with-dva\node_modules\_dva@2.4.1@dva\lib\index.js:55:28)
    at router (G:\with-dva\client/index.jsx:21:7)
    at createApp (G:\with-dva\client/index.jsx:27:17)
    at module.exports (G:\with-dva\node_modules\_beidou-view@2.0.1@beidou-view\app\view-middlewares\partial.js:14:9)
    at dispatch (G:\with-dva\node_modules\_koa-compose@4.1.0@koa-compose\index.js:42:32)
    at module.exports (G:\with-dva\node_modules\_beidou-view@2.0.1@beidou-view\app\view-middlewares\redux.js:36:9)
    at dispatch (G:\with-dva\node_modules\_koa-compose@4.1.0@koa-compose\index.js:42:32)
    at module.exports (G:\with-dva\node_modules\_beidou-view@2.0.1@beidou-view\app\view-middlewares\initialprops.js:33:9)
    at dispatch (G:\with-dva\node_modules\_koa-compose@4.1.0@koa-compose\index.js:42:32)
name: "Invariant Violation"
framesToPop: 1
pid: 10336
hostname: PC-201901082126

2019-03-23 18:44:04,346 INFO 9560 [beidou:isomorphic] isomorphic.alias detected: { client: 'G:\\with-dva\\client' }
2019-03-23 18:44:04,478 INFO 9560 [Beidou App] App Worker started, pid is 9560
2019-03-23 18:44:05,414 ERROR 9560 [-/127.0.0.1/-/838ms GET /] nodejs.Invariant Violation: [app.router] router should be function, but got undefined
    at invariant (G:\with-dva\node_modules\_invariant@2.2.4@invariant\invariant.js:40:15)
    at Object.router (G:\with-dva\node_modules\_dva@2.4.1@dva\lib\index.js:55:28)
    at router (G:\with-dva\client/index.jsx:21:7)
    at createApp (G:\with-dva\client/index.jsx:27:17)
    at module.exports (G:\with-dva\node_modules\_beidou-view@2.0.1@beidou-view\app\view-middlewares\partial.js:14:9)
    at dispatch (G:\with-dva\node_modules\_koa-compose@4.1.0@koa-compose\index.js:42:32)
    at module.exports (G:\with-dva\node_modules\_beidou-view@2.0.1@beidou-view\app\view-middlewares\redux.js:36:9)
    at dispatch (G:\with-dva\node_modules\_koa-compose@4.1.0@koa-compose\index.js:42:32)
    at module.exports (G:\with-dva\node_modules\_beidou-view@2.0.1@beidou-view\app\view-middlewares\initialprops.js:33:9)
    at dispatch (G:\with-dva\node_modules\_koa-compose@4.1.0@koa-compose\index.js:42:32)
name: "Invariant Violation"
framesToPop: 1
pid: 9560
hostname: PC-201901082126

2019-03-23 18:44:45,327 ERROR 9560 [-/::1/-/118ms GET /] nodejs.Invariant Violation: [app.router] router should be function, but got undefined
    at invariant (G:\with-dva\node_modules\_invariant@2.2.4@invariant\invariant.js:40:15)
    at Object.router (G:\with-dva\node_modules\_dva@2.4.1@dva\lib\index.js:55:28)
    at createApp (G:\with-dva\client/index.jsx:22:3)
    at getPartial (G:\with-dva\client/index.jsx:28:16)
    at module.exports (G:\with-dva\node_modules\_beidou-view@2.0.1@beidou-view\app\view-middlewares\partial.js:14:9)
    at dispatch (G:\with-dva\node_modules\_koa-compose@4.1.0@koa-compose\index.js:42:32)
    at module.exports (G:\with-dva\node_modules\_beidou-view@2.0.1@beidou-view\app\view-middlewares\redux.js:36:9)
    at dispatch (G:\with-dva\node_modules\_koa-compose@4.1.0@koa-compose\index.js:42:32)
    at module.exports (G:\with-dva\node_modules\_beidou-view@2.0.1@beidou-view\app\view-middlewares\initialprops.js:33:9)
    at dispatch (G:\with-dva\node_modules\_koa-compose@4.1.0@koa-compose\index.js:42:32)
name: "Invariant Violation"
framesToPop: 1
pid: 9560
hostname: PC-201901082126

2019-03-23 18:44:53,385 ERROR 9560 [-/::1/-/97ms GET /] nodejs.Invariant Violation: [app.router] router should be function, but got undefined
    at invariant (G:\with-dva\node_modules\_invariant@2.2.4@invariant\invariant.js:40:15)
    at Object.router (G:\with-dva\node_modules\_dva@2.4.1@dva\lib\index.js:55:28)
    at createApp (G:\with-dva\client/index.jsx:22:3)
    at getPartial (G:\with-dva\client/index.jsx:28:16)
    at module.exports (G:\with-dva\node_modules\_beidou-view@2.0.1@beidou-view\app\view-middlewares\partial.js:14:9)
    at dispatch (G:\with-dva\node_modules\_koa-compose@4.1.0@koa-compose\index.js:42:32)
    at module.exports (G:\with-dva\node_modules\_beidou-view@2.0.1@beidou-view\app\view-middlewares\redux.js:36:9)
    at dispatch (G:\with-dva\node_modules\_koa-compose@4.1.0@koa-compose\index.js:42:32)
    at module.exports (G:\with-dva\node_modules\_beidou-view@2.0.1@beidou-view\app\view-middlewares\initialprops.js:33:9)
    at dispatch (G:\with-dva\node_modules\_koa-compose@4.1.0@koa-compose\index.js:42:32)
name: "Invariant Violation"
framesToPop: 1
pid: 9560
hostname: PC-201901082126

2019-03-23 18:45:25,841 ERROR 9560 [-/::1/-/77ms GET /] nodejs.MODULE_NOT_FOUNDError: Cannot find module 'page/Home'
    at Function.Module._resolveFilename (internal/modules/cjs/loader.js:581:15)
    at Function.Module._resolveFilename (G:\with-dva\node_modules\_beidou-isomorphic@2.0.1@beidou-isomorphic\lib\alias.js:17:36)
    at Function.Module._load (internal/modules/cjs/loader.js:507:25)
    at Module.require (internal/modules/cjs/loader.js:637:17)
    at require (internal/modules/cjs/helpers.js:22:18)
    at Object.<anonymous> (G:\with-dva\client/router.jsx:5:1)
    at Module._compile (internal/modules/cjs/loader.js:689:30)
    at Module._compile (G:\with-dva\node_modules\_pirates@4.0.1@pirates\lib\index.js:99:24)
    at Module._extensions..js (internal/modules/cjs/loader.js:700:10)
    at Object.newLoader [as .jsx] (G:\with-dva\node_modules\_pirates@4.0.1@pirates\lib\index.js:104:7)
code: "MODULE_NOT_FOUND"
name: "MODULE_NOT_FOUNDError"
pid: 9560
hostname: PC-201901082126

2019-03-23 18:45:48,283 ERROR 9560 [-/::1/-/55ms GET /] nodejs.MODULE_NOT_FOUNDError: Cannot find module 'page/Home'
    at Function.Module._resolveFilename (internal/modules/cjs/loader.js:581:15)
    at Function.Module._resolveFilename (G:\with-dva\node_modules\_beidou-isomorphic@2.0.1@beidou-isomorphic\lib\alias.js:17:36)
    at Function.Module._load (internal/modules/cjs/loader.js:507:25)
    at Module.require (internal/modules/cjs/loader.js:637:17)
    at require (internal/modules/cjs/helpers.js:22:18)
    at Object.<anonymous> (G:\with-dva\client/router.jsx:5:1)
    at Module._compile (internal/modules/cjs/loader.js:689:30)
    at Module._compile (G:\with-dva\node_modules\_pirates@4.0.1@pirates\lib\index.js:99:24)
    at Module._extensions..js (internal/modules/cjs/loader.js:700:10)
    at Object.newLoader [as .jsx] (G:\with-dva\node_modules\_pirates@4.0.1@pirates\lib\index.js:104:7)
code: "MODULE_NOT_FOUND"
name: "MODULE_NOT_FOUNDError"
pid: 9560
hostname: PC-201901082126

2019-03-23 18:46:06,280 ERROR 9560 [-/::1/-/70ms GET /] nodejs.MODULE_NOT_FOUNDError: Cannot find module 'page/Home'
    at Function.Module._resolveFilename (internal/modules/cjs/loader.js:581:15)
    at Function.Module._resolveFilename (G:\with-dva\node_modules\_beidou-isomorphic@2.0.1@beidou-isomorphic\lib\alias.js:17:36)
    at Function.Module._load (internal/modules/cjs/loader.js:507:25)
    at Module.require (internal/modules/cjs/loader.js:637:17)
    at require (internal/modules/cjs/helpers.js:22:18)
    at Object.<anonymous> (G:\with-dva\client/router.jsx:5:1)
    at Module._compile (internal/modules/cjs/loader.js:689:30)
    at Module._compile (G:\with-dva\node_modules\_pirates@4.0.1@pirates\lib\index.js:99:24)
    at Module._extensions..js (internal/modules/cjs/loader.js:700:10)
    at Object.newLoader [as .jsx] (G:\with-dva\node_modules\_pirates@4.0.1@pirates\lib\index.js:104:7)
code: "MODULE_NOT_FOUND"
name: "MODULE_NOT_FOUNDError"
pid: 9560
hostname: PC-201901082126

2019-03-23 18:46:47,978 ERROR 9560 [-/::1/-/70ms GET /] nodejs.MODULE_NOT_FOUNDError: Cannot find module 'page/Home'
    at Function.Module._resolveFilename (internal/modules/cjs/loader.js:581:15)
    at Function.Module._resolveFilename (G:\with-dva\node_modules\_beidou-isomorphic@2.0.1@beidou-isomorphic\lib\alias.js:17:36)
    at Function.Module._load (internal/modules/cjs/loader.js:507:25)
    at Module.require (internal/modules/cjs/loader.js:637:17)
    at require (internal/modules/cjs/helpers.js:22:18)
    at Object.<anonymous> (G:\with-dva\client/router.jsx:5:1)
    at Module._compile (internal/modules/cjs/loader.js:689:30)
    at Module._compile (G:\with-dva\node_modules\_pirates@4.0.1@pirates\lib\index.js:99:24)
    at Module._extensions..js (internal/modules/cjs/loader.js:700:10)
    at Object.newLoader [as .jsx] (G:\with-dva\node_modules\_pirates@4.0.1@pirates\lib\index.js:104:7)
code: "MODULE_NOT_FOUND"
name: "MODULE_NOT_FOUNDError"
pid: 9560
hostname: PC-201901082126

2019-03-23 18:47:19,264 ERROR 9560 [-/::1/-/75ms GET /] nodejs.ReferenceError: Switch is not defined
    at Routers (G:\with-dva\client/router.jsx:8:6)
    at DvaRoot (G:\with-dva\node_modules\_dva@2.4.1@dva\lib\index.js:102:8)
    at getPartial (G:\with-dva\client\index.jsx:49:24)
    at module.exports (G:\with-dva\node_modules\_beidou-view@2.0.1@beidou-view\app\view-middlewares\partial.js:14:9)
    at dispatch (G:\with-dva\node_modules\_koa-compose@4.1.0@koa-compose\index.js:42:32)
    at module.exports (G:\with-dva\node_modules\_beidou-view@2.0.1@beidou-view\app\view-middlewares\redux.js:36:9)
    at dispatch (G:\with-dva\node_modules\_koa-compose@4.1.0@koa-compose\index.js:42:32)
    at module.exports (G:\with-dva\node_modules\_beidou-view@2.0.1@beidou-view\app\view-middlewares\initialprops.js:33:9)
    at dispatch (G:\with-dva\node_modules\_koa-compose@4.1.0@koa-compose\index.js:42:32)
    at module.exports (G:\with-dva\node_modules\_beidou-view@2.0.1@beidou-view\app\view-middlewares\cache.js:18:9)

pid: 9560
hostname: PC-201901082126

2019-03-23 18:47:40,440 ERROR 9560 [-/::1/-/55ms GET /] nodejs.ReferenceError: Route is not defined
    at Routers (G:\with-dva\client/router.jsx:8:5)
    at DvaRoot (G:\with-dva\node_modules\_dva@2.4.1@dva\lib\index.js:102:8)
    at getPartial (G:\with-dva\client\index.jsx:49:24)
    at module.exports (G:\with-dva\node_modules\_beidou-view@2.0.1@beidou-view\app\view-middlewares\partial.js:14:9)
    at dispatch (G:\with-dva\node_modules\_koa-compose@4.1.0@koa-compose\index.js:42:32)
    at module.exports (G:\with-dva\node_modules\_beidou-view@2.0.1@beidou-view\app\view-middlewares\redux.js:36:9)
    at dispatch (G:\with-dva\node_modules\_koa-compose@4.1.0@koa-compose\index.js:42:32)
    at module.exports (G:\with-dva\node_modules\_beidou-view@2.0.1@beidou-view\app\view-middlewares\initialprops.js:33:9)
    at dispatch (G:\with-dva\node_modules\_koa-compose@4.1.0@koa-compose\index.js:42:32)
    at module.exports (G:\with-dva\node_modules\_beidou-view@2.0.1@beidou-view\app\view-middlewares\cache.js:18:9)

pid: 9560
hostname: PC-201901082126

2019-03-23 18:51:49,649 INFO 8404 [beidou:isomorphic] isomorphic.alias detected: { client: 'G:\\with-dva\\client' }
2019-03-23 18:51:49,794 INFO 8404 [Beidou App] App Worker started, pid is 8404
2019-03-23 18:51:50,765 ERROR 8404 [-/127.0.0.1/-/912ms GET /] nodejs.Invariant Violation: [app.router] router should be function, but got undefined
    at invariant (G:\with-dva\node_modules\_invariant@2.2.4@invariant\invariant.js:40:15)
    at Object.router (G:\with-dva\node_modules\_dva@2.4.1@dva\lib\index.js:55:28)
    at router (G:\with-dva\client/index.jsx:21:7)
    at createApp (G:\with-dva\client/index.jsx:27:17)
    at module.exports (G:\with-dva\node_modules\_beidou-view@2.0.1@beidou-view\app\view-middlewares\partial.js:14:9)
    at dispatch (G:\with-dva\node_modules\_koa-compose@4.1.0@koa-compose\index.js:42:32)
    at module.exports (G:\with-dva\node_modules\_beidou-view@2.0.1@beidou-view\app\view-middlewares\redux.js:36:9)
    at dispatch (G:\with-dva\node_modules\_koa-compose@4.1.0@koa-compose\index.js:42:32)
    at module.exports (G:\with-dva\node_modules\_beidou-view@2.0.1@beidou-view\app\view-middlewares\initialprops.js:33:9)
    at dispatch (G:\with-dva\node_modules\_koa-compose@4.1.0@koa-compose\index.js:42:32)
name: "Invariant Violation"
framesToPop: 1
pid: 8404
hostname: PC-201901082126

2019-03-24 10:21:37,576 INFO 7252 [beidou:isomorphic] isomorphic.alias detected: { client: 'G:\\with-dva\\client' }
2019-03-24 10:21:37,816 INFO 7252 [Beidou App] App Worker started, pid is 7252
2019-03-24 10:22:50,443 INFO 7824 [beidou:isomorphic] isomorphic.alias detected: { client: 'G:\\with-dva\\client' }
2019-03-24 10:22:50,577 INFO 7824 [Beidou App] App Worker started, pid is 7824
2019-03-24 10:26:04,821 INFO 5076 [beidou:isomorphic] isomorphic.alias detected: { client: 'G:\\with-dva\\client' }
2019-03-24 10:26:04,970 INFO 5076 [Beidou App] App Worker started, pid is 5076
2019-03-24 10:41:02,223 ERROR 5076 [-/::1/-/1051ms GET /] nodejs.MODULE_NOT_FOUNDError: Cannot find module './pages/Home'
    at Function.Module._resolveFilename (internal/modules/cjs/loader.js:581:15)
    at Function.Module._resolveFilename (G:\with-dva\node_modules\_beidou-isomorphic@2.0.1@beidou-isomorphic\lib\alias.js:17:36)
    at Function.Module._load (internal/modules/cjs/loader.js:507:25)
    at Module.require (internal/modules/cjs/loader.js:637:17)
    at require (internal/modules/cjs/helpers.js:22:18)
    at Object.<anonymous> (G:\with-dva\client/router.jsx:5:1)
    at Module._compile (internal/modules/cjs/loader.js:689:30)
    at Module._compile (G:\with-dva\node_modules\_pirates@4.0.1@pirates\lib\index.js:99:24)
    at Module._extensions..js (internal/modules/cjs/loader.js:700:10)
    at Object.newLoader [as .jsx] (G:\with-dva\node_modules\_pirates@4.0.1@pirates\lib\index.js:104:7)
code: "MODULE_NOT_FOUND"
name: "MODULE_NOT_FOUNDError"
pid: 5076
hostname: PC-201901082126

2019-03-24 10:42:27,297 INFO 1800 [beidou:isomorphic] isomorphic.alias detected: { client: 'G:\\with-dva\\client' }
2019-03-24 10:42:27,492 INFO 1800 [Beidou App] App Worker started, pid is 1800
2019-03-24 10:50:13,469 INFO 6376 [beidou:isomorphic] isomorphic.alias detected: { client: 'G:\\with-dva\\client' }
2019-03-24 10:50:13,633 INFO 6376 [Beidou App] App Worker started, pid is 6376
2019-03-24 10:51:08,769 INFO 6784 [beidou:isomorphic] isomorphic.alias detected: { client: 'G:\\with-dva\\client' }
2019-03-24 10:51:08,991 INFO 6784 [Beidou App] App Worker started, pid is 6784
2019-03-24 10:55:05,462 INFO 1784 [beidou:isomorphic] isomorphic.alias detected: { client: 'G:\\with-dva\\client' }
2019-03-24 10:55:05,714 INFO 1784 [Beidou App] App Worker started, pid is 1784
2019-03-24 10:56:38,106 INFO 7300 [beidou:isomorphic] isomorphic.alias detected: { client: 'G:\\with-dva\\client' }
2019-03-24 10:56:38,254 INFO 7300 [Beidou App] App Worker started, pid is 7300
2019-03-24 10:57:18,784 INFO 8796 [Beidou App] App Worker started, pid is 8796
2019-03-24 10:57:19,041 WARN 8796 [webpack] port 6002 is in used, use 6423 instead
2019-03-24 10:58:34,693 INFO 7524 [Beidou App] App Worker started, pid is 7524
2019-03-24 10:58:34,949 WARN 7524 [webpack] port 6002 is in used, use 6391 instead
2019-03-24 11:09:34,262 INFO 7392 [beidou:isomorphic] isomorphic.alias detected: { client: 'G:\\with-dva\\client' }
2019-03-24 11:09:34,441 INFO 7392 [Beidou App] App Worker started, pid is 7392
2019-03-24 11:12:17,363 INFO 1656 [beidou:isomorphic] isomorphic.alias detected: { client: 'G:\\with-dva\\client' }
2019-03-24 11:12:17,546 INFO 1656 [Beidou App] App Worker started, pid is 1656
2019-03-24 11:14:18,094 INFO 6860 [beidou:isomorphic] isomorphic.alias detected: { client: 'G:\\with-dva\\client' }
2019-03-24 11:14:18,259 INFO 6860 [Beidou App] App Worker started, pid is 6860
2019-03-24 11:20:47,570 INFO 8228 [beidou:isomorphic] isomorphic.alias detected: { client: 'G:\\with-dva\\client' }
2019-03-24 11:20:47,735 INFO 8228 [Beidou App] App Worker started, pid is 8228
2019-03-24 11:25:03,867 INFO 6312 [beidou:isomorphic] isomorphic.alias detected: { client: 'G:\\with-dva\\client' }
2019-03-24 11:25:04,024 INFO 6312 [Beidou App] App Worker started, pid is 6312
2019-03-24 11:26:09,054 INFO 5832 [beidou:isomorphic] isomorphic.alias detected: { client: 'G:\\with-dva\\client' }
2019-03-24 11:26:09,253 INFO 5832 [Beidou App] App Worker started, pid is 5832
2019-03-24 11:27:34,195 INFO 7244 [beidou:isomorphic] isomorphic.alias detected: { client: 'G:\\with-dva\\client' }
2019-03-24 11:27:34,362 INFO 7244 [Beidou App] App Worker started, pid is 7244
2019-03-24 11:29:14,698 INFO 8888 [beidou:isomorphic] isomorphic.alias detected: { client: 'G:\\with-dva\\client' }
2019-03-24 11:29:14,894 INFO 8888 [Beidou App] App Worker started, pid is 8888
2019-03-24 11:33:22,743 INFO 6240 [beidou:isomorphic] isomorphic.alias detected: { client: 'G:\\with-dva\\client' }
2019-03-24 11:33:22,883 INFO 6240 [Beidou App] App Worker started, pid is 6240
2019-03-24 11:36:40,081 INFO 8436 [beidou:isomorphic] isomorphic.alias detected: { client: 'G:\\with-dva\\client' }
2019-03-24 11:36:40,291 INFO 8436 [Beidou App] App Worker started, pid is 8436
2019-03-24 11:53:37,761 INFO 9888 [beidou:isomorphic] isomorphic.alias detected: { client: 'G:\\with-dva\\client' }
2019-03-24 11:53:37,931 INFO 9888 [Beidou App] App Worker started, pid is 9888
2019-03-24 12:05:47,511 ERROR 9888 [-/::1/-/85ms GET /] nodejs.ReferenceError: callback is not defined
    at Home (G:\with-dva\client\pages\Home/index.jsx:6:13)
    at processChild (G:\with-dva\node_modules\_react-dom@16.8.5@react-dom\cjs\react-dom-server.node.development.js:2871:14)
    at resolve (G:\with-dva\node_modules\_react-dom@16.8.5@react-dom\cjs\react-dom-server.node.development.js:2795:5)
    at ReactDOMServerRenderer.render (G:\with-dva\node_modules\_react-dom@16.8.5@react-dom\cjs\react-dom-server.node.development.js:3185:22)
    at ReactDOMServerRenderer.read (G:\with-dva\node_modules\_react-dom@16.8.5@react-dom\cjs\react-dom-server.node.development.js:3144:29)
    at renderToString (G:\with-dva\node_modules\_react-dom@16.8.5@react-dom\cjs\react-dom-server.node.development.js:3629:27)
    at ReactView.renderElement (G:\with-dva\node_modules\_beidou-view-react@2.0.1@beidou-view-react\lib\react-view.js:23:9)
    at module.exports (G:\with-dva\node_modules\_beidou-view@2.0.1@beidou-view\app\view-middlewares\partial.js:35:27)
    at dispatch (G:\with-dva\node_modules\_koa-compose@4.1.0@koa-compose\index.js:42:32)
    at module.exports (G:\with-dva\node_modules\_beidou-view@2.0.1@beidou-view\app\view-middlewares\redux.js:36:9)

pid: 9888
hostname: PC-201901082126

2019-03-24 12:06:01,997 ERROR 9888 [-/::1/-/90ms GET /] nodejs.ReferenceError: callback is not defined
    at Home (G:\with-dva\client\pages\Home/index.jsx:6:13)
    at processChild (G:\with-dva\node_modules\_react-dom@16.8.5@react-dom\cjs\react-dom-server.node.development.js:2871:14)
    at resolve (G:\with-dva\node_modules\_react-dom@16.8.5@react-dom\cjs\react-dom-server.node.development.js:2795:5)
    at ReactDOMServerRenderer.render (G:\with-dva\node_modules\_react-dom@16.8.5@react-dom\cjs\react-dom-server.node.development.js:3185:22)
    at ReactDOMServerRenderer.read (G:\with-dva\node_modules\_react-dom@16.8.5@react-dom\cjs\react-dom-server.node.development.js:3144:29)
    at renderToString (G:\with-dva\node_modules\_react-dom@16.8.5@react-dom\cjs\react-dom-server.node.development.js:3629:27)
    at ReactView.renderElement (G:\with-dva\node_modules\_beidou-view-react@2.0.1@beidou-view-react\lib\react-view.js:23:9)
    at module.exports (G:\with-dva\node_modules\_beidou-view@2.0.1@beidou-view\app\view-middlewares\partial.js:35:27)
    at dispatch (G:\with-dva\node_modules\_koa-compose@4.1.0@koa-compose\index.js:42:32)
    at module.exports (G:\with-dva\node_modules\_beidou-view@2.0.1@beidou-view\app\view-middlewares\redux.js:36:9)

pid: 9888
hostname: PC-201901082126

2019-03-24 12:06:21,881 ERROR 9888 [-/::1/-/69ms GET /] nodejs.ReferenceError: callback is not defined
    at Home (G:\with-dva\client\pages\Home/index.jsx:6:13)
    at processChild (G:\with-dva\node_modules\_react-dom@16.8.5@react-dom\cjs\react-dom-server.node.development.js:2871:14)
    at resolve (G:\with-dva\node_modules\_react-dom@16.8.5@react-dom\cjs\react-dom-server.node.development.js:2795:5)
    at ReactDOMServerRenderer.render (G:\with-dva\node_modules\_react-dom@16.8.5@react-dom\cjs\react-dom-server.node.development.js:3185:22)
    at ReactDOMServerRenderer.read (G:\with-dva\node_modules\_react-dom@16.8.5@react-dom\cjs\react-dom-server.node.development.js:3144:29)
    at renderToString (G:\with-dva\node_modules\_react-dom@16.8.5@react-dom\cjs\react-dom-server.node.development.js:3629:27)
    at ReactView.renderElement (G:\with-dva\node_modules\_beidou-view-react@2.0.1@beidou-view-react\lib\react-view.js:23:9)
    at module.exports (G:\with-dva\node_modules\_beidou-view@2.0.1@beidou-view\app\view-middlewares\partial.js:35:27)
    at dispatch (G:\with-dva\node_modules\_koa-compose@4.1.0@koa-compose\index.js:42:32)
    at module.exports (G:\with-dva\node_modules\_beidou-view@2.0.1@beidou-view\app\view-middlewares\redux.js:36:9)

pid: 9888
hostname: PC-201901082126

2019-03-24 12:06:39,440 ERROR 9888 [-/::1/-/51ms GET /] nodejs.SyntaxError: G:\with-dva\client\pages\Home\index.jsx: Unexpected token, expected ";" (6:18)

[0m [90m 4 | [39m[36mconst[39m [33mTabPane[39m [33m=[39m [33mTabs[39m[33m.[39m[33mTabPane[39m[33m;[39m[0m
[0m [90m 5 | [39m[36mfunction[39m [33mHome[39m() {[0m
[0m[31m[1m>[22m[39m[90m 6 | [39m    callback(key) {[0m
[0m [90m   | [39m                  [31m[1m^[22m[39m[0m
[0m [90m 7 | [39m        console[33m.[39mdir(key)[0m
[0m [90m 8 | [39m    }[0m
[0m [90m 9 | [39m    [36mreturn[39m ([0m

[0m [90m 4 | [39m[36mconst[39m [33mTabPane[39m [33m=[39m [33mTabs[39m[33m.[39m[33mTabPane[39m[33m;[39m[0m
[0m [90m 5 | [39m[36mfunction[39m [33mHome[39m() {[0m
[0m[31m[1m>[22m[39m[90m 6 | [39m    callback(key) {[0m
[0m [90m   | [39m                  [31m[1m^[22m[39m[0m
[0m [90m 7 | [39m        console[33m.[39mdir(key)[0m
[0m [90m 8 | [39m    }[0m
[0m [90m 9 | [39m    [36mreturn[39m ([0m
    at Object.raise (G:\with-dva\node_modules\_@babel_parser@7.4.2@@babel\parser\lib\index.js:3851:17)
    at Object.unexpected (G:\with-dva\node_modules\_@babel_parser@7.4.2@@babel\parser\lib\index.js:5165:16)
    at Object.semicolon (G:\with-dva\node_modules\_@babel_parser@7.4.2@@babel\parser\lib\index.js:5147:40)
    at Object.parseExpressionStatement (G:\with-dva\node_modules\_@babel_parser@7.4.2@@babel\parser\lib\index.js:7838:10)
    at Object.parseStatementContent (G:\with-dva\node_modules\_@babel_parser@7.4.2@@babel\parser\lib\index.js:7427:19)
    at Object.parseStatement (G:\with-dva\node_modules\_@babel_parser@7.4.2@@babel\parser\lib\index.js:7293:17)
    at Object.parseBlockOrModuleBlockBody (G:\with-dva\node_modules\_@babel_parser@7.4.2@@babel\parser\lib\index.js:7879:25)
    at Object.parseBlockBody (G:\with-dva\node_modules\_@babel_parser@7.4.2@@babel\parser\lib\index.js:7866:10)
    at Object.parseBlock (G:\with-dva\node_modules\_@babel_parser@7.4.2@@babel\parser\lib\index.js:7850:10)
    at Object.parseFunctionBody (G:\with-dva\node_modules\_@babel_parser@7.4.2@@babel\parser\lib\index.js:6911:24)
pos: 166
loc: {"line":6,"column":18}
code: "BABEL_PARSE_ERROR"
pid: 9888
hostname: PC-201901082126

2019-03-24 12:10:40,327 ERROR 9888 [-/::1/-/71ms GET /] nodejs.ReferenceError: callback is not defined
    at Home (G:\with-dva\client\pages\Home/index.jsx:6:13)
    at processChild (G:\with-dva\node_modules\_react-dom@16.8.5@react-dom\cjs\react-dom-server.node.development.js:2871:14)
    at resolve (G:\with-dva\node_modules\_react-dom@16.8.5@react-dom\cjs\react-dom-server.node.development.js:2795:5)
    at ReactDOMServerRenderer.render (G:\with-dva\node_modules\_react-dom@16.8.5@react-dom\cjs\react-dom-server.node.development.js:3185:22)
    at ReactDOMServerRenderer.read (G:\with-dva\node_modules\_react-dom@16.8.5@react-dom\cjs\react-dom-server.node.development.js:3144:29)
    at renderToString (G:\with-dva\node_modules\_react-dom@16.8.5@react-dom\cjs\react-dom-server.node.development.js:3629:27)
    at ReactView.renderElement (G:\with-dva\node_modules\_beidou-view-react@2.0.1@beidou-view-react\lib\react-view.js:23:9)
    at module.exports (G:\with-dva\node_modules\_beidou-view@2.0.1@beidou-view\app\view-middlewares\partial.js:35:27)
    at dispatch (G:\with-dva\node_modules\_koa-compose@4.1.0@koa-compose\index.js:42:32)
    at module.exports (G:\with-dva\node_modules\_beidou-view@2.0.1@beidou-view\app\view-middlewares\redux.js:36:9)

pid: 9888
hostname: PC-201901082126

2019-03-24 12:13:16,526 ERROR 9888 [-/::1/-/66ms GET /] nodejs.ReferenceError: key is not defined
    at Home (G:\with-dva\client\pages\Home/index.jsx:12:17)
    at processChild (G:\with-dva\node_modules\_react-dom@16.8.5@react-dom\cjs\react-dom-server.node.development.js:2871:14)
    at resolve (G:\with-dva\node_modules\_react-dom@16.8.5@react-dom\cjs\react-dom-server.node.development.js:2795:5)
    at ReactDOMServerRenderer.render (G:\with-dva\node_modules\_react-dom@16.8.5@react-dom\cjs\react-dom-server.node.development.js:3185:22)
    at ReactDOMServerRenderer.read (G:\with-dva\node_modules\_react-dom@16.8.5@react-dom\cjs\react-dom-server.node.development.js:3144:29)
    at renderToString (G:\with-dva\node_modules\_react-dom@16.8.5@react-dom\cjs\react-dom-server.node.development.js:3629:27)
    at ReactView.renderElement (G:\with-dva\node_modules\_beidou-view-react@2.0.1@beidou-view-react\lib\react-view.js:23:9)
    at module.exports (G:\with-dva\node_modules\_beidou-view@2.0.1@beidou-view\app\view-middlewares\partial.js:35:27)
    at dispatch (G:\with-dva\node_modules\_koa-compose@4.1.0@koa-compose\index.js:42:32)
    at module.exports (G:\with-dva\node_modules\_beidou-view@2.0.1@beidou-view\app\view-middlewares\redux.js:36:9)

pid: 9888
hostname: PC-201901082126

2019-03-24 15:23:49,414 INFO 9036 [beidou:isomorphic] isomorphic.alias detected: { client: 'G:\\with-dva\\client' }
2019-03-24 15:23:49,558 INFO 9036 [Beidou App] App Worker started, pid is 9036
2019-03-24 15:24:06,638 INFO 9672 [beidou:isomorphic] isomorphic.alias detected: { client: 'G:\\with-dva\\client' }
2019-03-24 15:24:06,875 INFO 9672 [Beidou App] App Worker started, pid is 9672
2019-03-24 15:31:39,425 INFO 9640 [beidou:isomorphic] isomorphic.alias detected: { client: 'G:\\with-dva\\client' }
2019-03-24 15:31:39,665 INFO 9640 [Beidou App] App Worker started, pid is 9640
2019-03-24 15:32:18,880 INFO 9324 [beidou:isomorphic] isomorphic.alias detected: { client: 'G:\\with-dva\\client' }
2019-03-24 15:32:19,052 INFO 9324 [Beidou App] App Worker started, pid is 9324
2019-03-24 16:04:08,612 INFO 8676 [beidou:isomorphic] isomorphic.alias detected: { client: 'G:\\with-dva\\client' }
2019-03-24 16:04:08,881 INFO 8676 [Beidou App] App Worker started, pid is 8676
2019-03-24 16:08:13,238 WARN 8676 [-/::1/-/45ms POST /api/xiecheng/flightListSearch] invalid csrf token. See https://eggjs.org/zh-cn/core/security.html#安全威胁csrf的防范
2019-03-24 16:08:13,246 WARN 8676 [-/::1/-/50ms POST /api/xiecheng/flightListSearch] nodejs.ForbiddenError: invalid csrf token
    at Object.throw (G:\with-dva\node_modules\_koa@2.7.0@koa\lib\context.js:97:11)
    at Object.assertCsrf (G:\with-dva\node_modules\_egg-security@2.5.0@egg-security\app\extend\context.js:157:17)
    at csrf (G:\with-dva\node_modules\_egg-security@2.5.0@egg-security\lib\middlewares\csrf.js:31:9)
    at dispatch (G:\with-dva\node_modules\_koa-compose@4.1.0@koa-compose\index.js:42:32)
    at G:\with-dva\node_modules\_koa-compose@4.1.0@koa-compose\index.js:34:12
    at dispatch (G:\with-dva\node_modules\_koa-compose@4.1.0@koa-compose\index.js:42:32)
    at session (G:\with-dva\node_modules\_koa-session@5.10.1@koa-session\index.js:41:13)
    at dispatch (G:\with-dva\node_modules\_koa-compose@4.1.0@koa-compose\index.js:42:32)
    at overrideMethod (G:\with-dva\node_modules\_koa-override@3.0.0@koa-override\index.js:38:12)
    at dispatch (G:\with-dva\node_modules\_koa-compose@4.1.0@koa-compose\index.js:42:32)
message: "invalid csrf token"
pid: 8676
hostname: PC-201901082126

2019-03-24 16:22:17,181 WARN 8676 [-/::1/-/5ms POST /api/xiecheng/flightListSearch] invalid csrf token. See https://eggjs.org/zh-cn/core/security.html#安全威胁csrf的防范
2019-03-24 16:22:17,183 WARN 8676 [-/::1/-/7ms POST /api/xiecheng/flightListSearch] nodejs.ForbiddenError: invalid csrf token
    at Object.throw (G:\with-dva\node_modules\_koa@2.7.0@koa\lib\context.js:97:11)
    at Object.assertCsrf (G:\with-dva\node_modules\_egg-security@2.5.0@egg-security\app\extend\context.js:157:17)
    at csrf (G:\with-dva\node_modules\_egg-security@2.5.0@egg-security\lib\middlewares\csrf.js:31:9)
    at dispatch (G:\with-dva\node_modules\_koa-compose@4.1.0@koa-compose\index.js:42:32)
    at G:\with-dva\node_modules\_koa-compose@4.1.0@koa-compose\index.js:34:12
    at dispatch (G:\with-dva\node_modules\_koa-compose@4.1.0@koa-compose\index.js:42:32)
    at session (G:\with-dva\node_modules\_koa-session@5.10.1@koa-session\index.js:41:13)
    at dispatch (G:\with-dva\node_modules\_koa-compose@4.1.0@koa-compose\index.js:42:32)
    at overrideMethod (G:\with-dva\node_modules\_koa-override@3.0.0@koa-override\index.js:38:12)
    at dispatch (G:\with-dva\node_modules\_koa-compose@4.1.0@koa-compose\index.js:42:32)
message: "invalid csrf token"
pid: 8676
hostname: PC-201901082126

2019-03-24 16:27:47,606 WARN 8676 [-/::1/-/6ms POST /api/xiecheng/flightListSearch] invalid csrf token. See https://eggjs.org/zh-cn/core/security.html#安全威胁csrf的防范
2019-03-24 16:27:47,623 WARN 8676 [-/::1/-/22ms POST /api/xiecheng/flightListSearch] nodejs.ForbiddenError: invalid csrf token
    at Object.throw (G:\with-dva\node_modules\_koa@2.7.0@koa\lib\context.js:97:11)
    at Object.assertCsrf (G:\with-dva\node_modules\_egg-security@2.5.0@egg-security\app\extend\context.js:157:17)
    at csrf (G:\with-dva\node_modules\_egg-security@2.5.0@egg-security\lib\middlewares\csrf.js:31:9)
    at dispatch (G:\with-dva\node_modules\_koa-compose@4.1.0@koa-compose\index.js:42:32)
    at G:\with-dva\node_modules\_koa-compose@4.1.0@koa-compose\index.js:34:12
    at dispatch (G:\with-dva\node_modules\_koa-compose@4.1.0@koa-compose\index.js:42:32)
    at session (G:\with-dva\node_modules\_koa-session@5.10.1@koa-session\index.js:41:13)
    at dispatch (G:\with-dva\node_modules\_koa-compose@4.1.0@koa-compose\index.js:42:32)
    at overrideMethod (G:\with-dva\node_modules\_koa-override@3.0.0@koa-override\index.js:38:12)
    at dispatch (G:\with-dva\node_modules\_koa-compose@4.1.0@koa-compose\index.js:42:32)
message: "invalid csrf token"
pid: 8676
hostname: PC-201901082126

2019-03-24 16:30:29,388 WARN 8676 [-/::1/-/6ms POST /api/xiecheng/flightListSearch] invalid csrf token. See https://eggjs.org/zh-cn/core/security.html#安全威胁csrf的防范
2019-03-24 16:30:29,389 WARN 8676 [-/::1/-/8ms POST /api/xiecheng/flightListSearch] nodejs.ForbiddenError: invalid csrf token
    at Object.throw (G:\with-dva\node_modules\_koa@2.7.0@koa\lib\context.js:97:11)
    at Object.assertCsrf (G:\with-dva\node_modules\_egg-security@2.5.0@egg-security\app\extend\context.js:157:17)
    at csrf (G:\with-dva\node_modules\_egg-security@2.5.0@egg-security\lib\middlewares\csrf.js:31:9)
    at dispatch (G:\with-dva\node_modules\_koa-compose@4.1.0@koa-compose\index.js:42:32)
    at G:\with-dva\node_modules\_koa-compose@4.1.0@koa-compose\index.js:34:12
    at dispatch (G:\with-dva\node_modules\_koa-compose@4.1.0@koa-compose\index.js:42:32)
    at session (G:\with-dva\node_modules\_koa-session@5.10.1@koa-session\index.js:41:13)
    at dispatch (G:\with-dva\node_modules\_koa-compose@4.1.0@koa-compose\index.js:42:32)
    at overrideMethod (G:\with-dva\node_modules\_koa-override@3.0.0@koa-override\index.js:38:12)
    at dispatch (G:\with-dva\node_modules\_koa-compose@4.1.0@koa-compose\index.js:42:32)
message: "invalid csrf token"
pid: 8676
hostname: PC-201901082126

2019-03-24 16:31:09,601 INFO 10024 [beidou:isomorphic] isomorphic.alias detected: { client: 'G:\\with-dva\\client' }
2019-03-24 16:31:09,780 INFO 10024 [Beidou App] App Worker started, pid is 10024
2019-03-24 16:31:37,229 WARN 10024 [-/::1/-/30ms POST /api/xiecheng/flightListSearch] invalid csrf token. See https://eggjs.org/zh-cn/core/security.html#安全威胁csrf的防范
2019-03-24 16:31:37,237 WARN 10024 [-/::1/-/36ms POST /api/xiecheng/flightListSearch] nodejs.ForbiddenError: invalid csrf token
    at Object.throw (G:\with-dva\node_modules\_koa@2.7.0@koa\lib\context.js:97:11)
    at Object.assertCsrf (G:\with-dva\node_modules\_egg-security@2.5.0@egg-security\app\extend\context.js:157:17)
    at csrf (G:\with-dva\node_modules\_egg-security@2.5.0@egg-security\lib\middlewares\csrf.js:31:9)
    at dispatch (G:\with-dva\node_modules\_koa-compose@4.1.0@koa-compose\index.js:42:32)
    at G:\with-dva\node_modules\_koa-compose@4.1.0@koa-compose\index.js:34:12
    at dispatch (G:\with-dva\node_modules\_koa-compose@4.1.0@koa-compose\index.js:42:32)
    at session (G:\with-dva\node_modules\_koa-session@5.10.1@koa-session\index.js:41:13)
    at dispatch (G:\with-dva\node_modules\_koa-compose@4.1.0@koa-compose\index.js:42:32)
    at overrideMethod (G:\with-dva\node_modules\_koa-override@3.0.0@koa-override\index.js:38:12)
    at dispatch (G:\with-dva\node_modules\_koa-compose@4.1.0@koa-compose\index.js:42:32)
message: "invalid csrf token"
pid: 10024
hostname: PC-201901082126

2019-03-24 16:33:34,588 INFO 9876 [beidou:isomorphic] isomorphic.alias detected: { client: 'G:\\with-dva\\client' }
2019-03-24 16:33:34,735 INFO 9876 [Beidou App] App Worker started, pid is 9876
2019-03-24 16:33:55,476 INFO 3892 [beidou:isomorphic] isomorphic.alias detected: { client: 'G:\\with-dva\\client' }
2019-03-24 16:33:55,636 INFO 3892 [Beidou App] App Worker started, pid is 3892
2019-03-24 16:34:03,035 INFO 3292 [beidou:isomorphic] isomorphic.alias detected: { client: 'G:\\with-dva\\client' }
2019-03-24 16:34:03,233 INFO 3292 [Beidou App] App Worker started, pid is 3292
2019-03-24 16:34:11,533 INFO 10500 [beidou:isomorphic] isomorphic.alias detected: { client: 'G:\\with-dva\\client' }
2019-03-24 16:34:11,691 INFO 10500 [Beidou App] App Worker started, pid is 10500
2019-03-24 16:34:15,580 INFO 10500 [-/::1/-/48ms POST /api/xiecheng/flightListSearch] 请求成功 null
2019-03-24 16:35:45,735 INFO 11244 [beidou:isomorphic] isomorphic.alias detected: { client: 'G:\\with-dva\\client' }
2019-03-24 16:35:45,980 INFO 11244 [Beidou App] App Worker started, pid is 11244
2019-03-24 16:36:30,263 INFO 9564 [beidou:isomorphic] isomorphic.alias detected: { client: 'G:\\with-dva\\client' }
2019-03-24 16:36:30,519 INFO 9564 [Beidou App] App Worker started, pid is 9564
2019-03-24 16:36:48,141 INFO 9232 [beidou:isomorphic] isomorphic.alias detected: { client: 'G:\\with-dva\\client' }
2019-03-24 16:36:48,459 INFO 9232 [Beidou App] App Worker started, pid is 9232
2019-03-24 16:36:54,199 ERROR 9232 [-/::1/-/32ms POST /api/xiecheng/flightListSearch] nodejs.ReferenceError: app is not defined
    at XiechengService.search (G:\with-dva\app\service/xiecheng.js:12:20)
    at XiechengController.search (G:\with-dva\app\controller/xiecheng.js:25:40)
    at Object.callFn (G:\with-dva\node_modules\_egg-core@4.16.1@egg-core\lib\utils\index.js:44:21)
    at Object.classControllerMiddleware (G:\with-dva\node_modules\_egg-core@4.16.1@egg-core\lib\loader\mixin\controller.js:87:20)
    at Object.callFn (G:\with-dva\node_modules\_@eggjs_router@2.0.0@@eggjs\router\lib\utils.js:12:21)
    at wrappedController (G:\with-dva\node_modules\_@eggjs_router@2.0.0@@eggjs\router\lib\egg_router.js:322:18)
    at dispatch (G:\with-dva\node_modules\_koa-compose@3.2.1@koa-compose\index.js:44:32)
    at next (G:\with-dva\node_modules\_koa-compose@3.2.1@koa-compose\index.js:45:18)
    at G:\with-dva\node_modules\_@eggjs_router@2.0.0@@eggjs\router\lib\router.js:190:18
    at dispatch (G:\with-dva\node_modules\_koa-compose@3.2.1@koa-compose\index.js:44:32)

pid: 9232
hostname: PC-201901082126

2019-03-24 16:37:09,997 INFO 7540 [beidou:isomorphic] isomorphic.alias detected: { client: 'G:\\with-dva\\client' }
2019-03-24 16:37:10,317 INFO 7540 [Beidou App] App Worker started, pid is 7540
2019-03-24 16:37:11,863 INFO 7540 [-/::1/-/427ms POST /api/xiecheng/flightListSearch] 请求成功 { data:
   { ResponseStatus:
      { Timestamp: '/Date(1553416632026+0800)/',
        Ack: 'Success',
        Errors: [],
        Build: null,
        Version: null,
        Extension: [Array] },
     fltitem: [],
     rlt: 501,
     recomd: [],
     hastab: false },
  status: 200,
  headers:
   { server: 'Tengine/2.1.2',
     date: 'Sun, 24 Mar 2019 08:37:12 GMT',
     'content-type': 'application/json;charset=UTF-8',
     'transfer-encoding': 'chunked',
     connection: 'keep-alive',
     'access-control-allow-origin': '*',
     'access-control-expose-headers': 'RootMessageId, x-service-call, slb-http-protocol-version',
     'x-ctrip-soa2-route': 'default-route-rule',
     'x-ctrip-soa2-route-group': 'default-group-key',
     'x-ctrip-soa2-route-url': 'http://10.8.188.249:8080/api/',
     'x-ctrip-soa2-route-operation': 'flightlistsearch',
     'set-cookie':
      [ 'JSESSIONID=AB2D47343E7BFC2BB6FA7DEFBECFA816; Path=/; HttpOnly' ],
     clogging_trace_id: '2651163019366116903',
     rootmessageid: '921812-0a0f9032-431504-1501413',
     'soa20-service-latency': '5',
     vary: 'Accept-Encoding',
     'x-gate': 'ctrip-gate',
     'x-gate-instance': 'unknown',
     'x-originating-url': 'http://m.ctrip.com/restapi/soa2/14022/flightListSearch',
     'x-service-call': '0.089',
     'x-gate-root-id': '921812-0a0f9032-431504-1501413',
     'slb-http-protocol-version': 'HTTP/1.1' },
  res:
   { status: 200,
     statusCode: 200,
     statusMessage: 'OK',
     headers:
      { server: 'Tengine/2.1.2',
        date: 'Sun, 24 Mar 2019 08:37:12 GMT',
        'content-type': 'application/json;charset=UTF-8',
        'transfer-encoding': 'chunked',
        connection: 'keep-alive',
        'access-control-allow-origin': '*',
        'access-control-expose-headers': 'RootMessageId, x-service-call, slb-http-protocol-version',
        'x-ctrip-soa2-route': 'default-route-rule',
        'x-ctrip-soa2-route-group': 'default-group-key',
        'x-ctrip-soa2-route-url': 'http://10.8.188.249:8080/api/',
        'x-ctrip-soa2-route-operation': 'flightlistsearch',
        'set-cookie': [Array],
        clogging_trace_id: '2651163019366116903',
        rootmessageid: '921812-0a0f9032-431504-1501413',
        'soa20-service-latency': '5',
        vary: 'Accept-Encoding',
        'x-gate': 'ctrip-gate',
        'x-gate-instance': 'unknown',
        'x-originating-url': 'http://m.ctrip.com/restapi/soa2/14022/flightListSearch',
        'x-service-call': '0.089',
        'x-gate-root-id': '921812-0a0f9032-431504-1501413',
        'slb-http-protocol-version': 'HTTP/1.1' },
     size: 370,
     aborted: false,
     rt: 387,
     keepAliveSocket: false,
     data:
      { ResponseStatus: [Object],
        fltitem: [],
        rlt: 501,
        recomd: [],
        hastab: false },
     requestUrls:
      [ 'https://m.ctrip.com/restapi/soa2/14022/flightListSearch' ],
     timing: null,
     remoteAddress: '114.80.10.31',
     remotePort: 443,
     socketHandledRequests: 1,
     socketHandledResponses: 1 } }
