2019-03-23 18:31:45,713 ERROR 676 [-/::1/-/822ms GET /] nodejs.Invariant Violation: [app.router] router should be function, but got object
    at invariant (G:\with-dva\node_modules\_invariant@2.2.4@invariant\invariant.js:40:15)
    at Object.router (G:\with-dva\node_modules\_dva@2.4.1@dva\lib\index.js:55:28)
    at router (G:\with-dva\client/index.jsx:21:7)
    at createApp (G:\with-dva\client/index.jsx:27:17)
    at module.exports (G:\with-dva\node_modules\_beidou-view@2.0.1@beidou-view\app\view-middlewares\partial.js:14:9)
    at dispatch (G:\with-dva\node_modules\_koa-compose@4.1.0@koa-compose\index.js:42:32)
    at module.exports (G:\with-dva\node_modules\_beidou-view@2.0.1@beidou-view\app\view-middlewares\redux.js:36:9)
    at dispatch (G:\with-dva\node_modules\_koa-compose@4.1.0@koa-compose\index.js:42:32)
    at module.exports (G:\with-dva\node_modules\_beidou-view@2.0.1@beidou-view\app\view-middlewares\initialprops.js:33:9)
    at dispatch (G:\with-dva\node_modules\_koa-compose@4.1.0@koa-compose\index.js:42:32)
name: "Invariant Violation"
framesToPop: 1
pid: 676
hostname: PC-201901082126

2019-03-23 18:32:15,352 ERROR 676 [-/::1/-/46ms GET /] nodejs.Invariant Violation: [app.router] router should be function, but got object
    at invariant (G:\with-dva\node_modules\_invariant@2.2.4@invariant\invariant.js:40:15)
    at Object.router (G:\with-dva\node_modules\_dva@2.4.1@dva\lib\index.js:55:28)
    at router (G:\with-dva\client/index.jsx:21:7)
    at createApp (G:\with-dva\client/index.jsx:27:17)
    at module.exports (G:\with-dva\node_modules\_beidou-view@2.0.1@beidou-view\app\view-middlewares\partial.js:14:9)
    at dispatch (G:\with-dva\node_modules\_koa-compose@4.1.0@koa-compose\index.js:42:32)
    at module.exports (G:\with-dva\node_modules\_beidou-view@2.0.1@beidou-view\app\view-middlewares\redux.js:36:9)
    at dispatch (G:\with-dva\node_modules\_koa-compose@4.1.0@koa-compose\index.js:42:32)
    at module.exports (G:\with-dva\node_modules\_beidou-view@2.0.1@beidou-view\app\view-middlewares\initialprops.js:33:9)
    at dispatch (G:\with-dva\node_modules\_koa-compose@4.1.0@koa-compose\index.js:42:32)
name: "Invariant Violation"
framesToPop: 1
pid: 676
hostname: PC-201901082126

2019-03-23 18:32:40,613 ERROR 10312 [-/::1/-/1005ms GET /] nodejs.Invariant Violation: [app.router] router should be function, but got object
    at invariant (G:\with-dva\node_modules\_invariant@2.2.4@invariant\invariant.js:40:15)
    at Object.router (G:\with-dva\node_modules\_dva@2.4.1@dva\lib\index.js:55:28)
    at router (G:\with-dva\client/index.jsx:21:7)
    at createApp (G:\with-dva\client/index.jsx:27:17)
    at module.exports (G:\with-dva\node_modules\_beidou-view@2.0.1@beidou-view\app\view-middlewares\partial.js:14:9)
    at dispatch (G:\with-dva\node_modules\_koa-compose@4.1.0@koa-compose\index.js:42:32)
    at module.exports (G:\with-dva\node_modules\_beidou-view@2.0.1@beidou-view\app\view-middlewares\redux.js:36:9)
    at dispatch (G:\with-dva\node_modules\_koa-compose@4.1.0@koa-compose\index.js:42:32)
    at module.exports (G:\with-dva\node_modules\_beidou-view@2.0.1@beidou-view\app\view-middlewares\initialprops.js:33:9)
    at dispatch (G:\with-dva\node_modules\_koa-compose@4.1.0@koa-compose\index.js:42:32)
name: "Invariant Violation"
framesToPop: 1
pid: 10312
hostname: PC-201901082126

2019-03-23 18:33:19,631 ERROR 9816 [-/127.0.0.1/-/876ms GET /] nodejs.Invariant Violation: [app.router] router should be function, but got object
    at invariant (G:\with-dva\node_modules\_invariant@2.2.4@invariant\invariant.js:40:15)
    at Object.router (G:\with-dva\node_modules\_dva@2.4.1@dva\lib\index.js:55:28)
    at router (G:\with-dva\client/index.jsx:21:7)
    at createApp (G:\with-dva\client/index.jsx:27:17)
    at module.exports (G:\with-dva\node_modules\_beidou-view@2.0.1@beidou-view\app\view-middlewares\partial.js:14:9)
    at dispatch (G:\with-dva\node_modules\_koa-compose@4.1.0@koa-compose\index.js:42:32)
    at module.exports (G:\with-dva\node_modules\_beidou-view@2.0.1@beidou-view\app\view-middlewares\redux.js:36:9)
    at dispatch (G:\with-dva\node_modules\_koa-compose@4.1.0@koa-compose\index.js:42:32)
    at module.exports (G:\with-dva\node_modules\_beidou-view@2.0.1@beidou-view\app\view-middlewares\initialprops.js:33:9)
    at dispatch (G:\with-dva\node_modules\_koa-compose@4.1.0@koa-compose\index.js:42:32)
name: "Invariant Violation"
framesToPop: 1
pid: 9816
hostname: PC-201901082126

2019-03-23 18:35:27,703 ERROR 10712 [-/::1/-/957ms GET /] nodejs.Invariant Violation: [app.router] router should be function, but got object
    at invariant (G:\with-dva\node_modules\_invariant@2.2.4@invariant\invariant.js:40:15)
    at Object.router (G:\with-dva\node_modules\_dva@2.4.1@dva\lib\index.js:55:28)
    at router (G:\with-dva\client/index.jsx:21:7)
    at createApp (G:\with-dva\client/index.jsx:27:17)
    at module.exports (G:\with-dva\node_modules\_beidou-view@2.0.1@beidou-view\app\view-middlewares\partial.js:14:9)
    at dispatch (G:\with-dva\node_modules\_koa-compose@4.1.0@koa-compose\index.js:42:32)
    at module.exports (G:\with-dva\node_modules\_beidou-view@2.0.1@beidou-view\app\view-middlewares\redux.js:36:9)
    at dispatch (G:\with-dva\node_modules\_koa-compose@4.1.0@koa-compose\index.js:42:32)
    at module.exports (G:\with-dva\node_modules\_beidou-view@2.0.1@beidou-view\app\view-middlewares\initialprops.js:33:9)
    at dispatch (G:\with-dva\node_modules\_koa-compose@4.1.0@koa-compose\index.js:42:32)
name: "Invariant Violation"
framesToPop: 1
pid: 10712
hostname: PC-201901082126

2019-03-23 18:35:37,110 ERROR 10712 [-/::1/-/34ms GET /] nodejs.Invariant Violation: [app.router] router should be function, but got object
    at invariant (G:\with-dva\node_modules\_invariant@2.2.4@invariant\invariant.js:40:15)
    at Object.router (G:\with-dva\node_modules\_dva@2.4.1@dva\lib\index.js:55:28)
    at router (G:\with-dva\client/index.jsx:21:7)
    at createApp (G:\with-dva\client/index.jsx:27:17)
    at module.exports (G:\with-dva\node_modules\_beidou-view@2.0.1@beidou-view\app\view-middlewares\partial.js:14:9)
    at dispatch (G:\with-dva\node_modules\_koa-compose@4.1.0@koa-compose\index.js:42:32)
    at module.exports (G:\with-dva\node_modules\_beidou-view@2.0.1@beidou-view\app\view-middlewares\redux.js:36:9)
    at dispatch (G:\with-dva\node_modules\_koa-compose@4.1.0@koa-compose\index.js:42:32)
    at module.exports (G:\with-dva\node_modules\_beidou-view@2.0.1@beidou-view\app\view-middlewares\initialprops.js:33:9)
    at dispatch (G:\with-dva\node_modules\_koa-compose@4.1.0@koa-compose\index.js:42:32)
name: "Invariant Violation"
framesToPop: 1
pid: 10712
hostname: PC-201901082126

2019-03-23 18:36:00,235 ERROR 8260 [-/::1/-/918ms GET /] nodejs.Invariant Violation: [app.router] router should be function, but got object
    at invariant (G:\with-dva\node_modules\_invariant@2.2.4@invariant\invariant.js:40:15)
    at Object.router (G:\with-dva\node_modules\_dva@2.4.1@dva\lib\index.js:55:28)
    at router (G:\with-dva\client/index.jsx:21:7)
    at createApp (G:\with-dva\client/index.jsx:27:17)
    at module.exports (G:\with-dva\node_modules\_beidou-view@2.0.1@beidou-view\app\view-middlewares\partial.js:14:9)
    at dispatch (G:\with-dva\node_modules\_koa-compose@4.1.0@koa-compose\index.js:42:32)
    at module.exports (G:\with-dva\node_modules\_beidou-view@2.0.1@beidou-view\app\view-middlewares\redux.js:36:9)
    at dispatch (G:\with-dva\node_modules\_koa-compose@4.1.0@koa-compose\index.js:42:32)
    at module.exports (G:\with-dva\node_modules\_beidou-view@2.0.1@beidou-view\app\view-middlewares\initialprops.js:33:9)
    at dispatch (G:\with-dva\node_modules\_koa-compose@4.1.0@koa-compose\index.js:42:32)
name: "Invariant Violation"
framesToPop: 1
pid: 8260
hostname: PC-201901082126

2019-03-23 18:41:56,797 ERROR 9220 [-/::1/-/1043ms GET /] nodejs.Invariant Violation: [app.router] router should be function, but got undefined
    at invariant (G:\with-dva\node_modules\_invariant@2.2.4@invariant\invariant.js:40:15)
    at Object.router (G:\with-dva\node_modules\_dva@2.4.1@dva\lib\index.js:55:28)
    at router (G:\with-dva\client/index.jsx:21:7)
    at createApp (G:\with-dva\client/index.jsx:27:17)
    at module.exports (G:\with-dva\node_modules\_beidou-view@2.0.1@beidou-view\app\view-middlewares\partial.js:14:9)
    at dispatch (G:\with-dva\node_modules\_koa-compose@4.1.0@koa-compose\index.js:42:32)
    at module.exports (G:\with-dva\node_modules\_beidou-view@2.0.1@beidou-view\app\view-middlewares\redux.js:36:9)
    at dispatch (G:\with-dva\node_modules\_koa-compose@4.1.0@koa-compose\index.js:42:32)
    at module.exports (G:\with-dva\node_modules\_beidou-view@2.0.1@beidou-view\app\view-middlewares\initialprops.js:33:9)
    at dispatch (G:\with-dva\node_modules\_koa-compose@4.1.0@koa-compose\index.js:42:32)
name: "Invariant Violation"
framesToPop: 1
pid: 9220
hostname: PC-201901082126

2019-03-23 18:43:15,543 ERROR 9220 [-/::1/-/113ms GET /] nodejs.Invariant Violation: [app.router] router should be function, but got undefined
    at invariant (G:\with-dva\node_modules\_invariant@2.2.4@invariant\invariant.js:40:15)
    at Object.router (G:\with-dva\node_modules\_dva@2.4.1@dva\lib\index.js:55:28)
    at router (G:\with-dva\client/index.jsx:21:7)
    at createApp (G:\with-dva\client/index.jsx:27:17)
    at module.exports (G:\with-dva\node_modules\_beidou-view@2.0.1@beidou-view\app\view-middlewares\partial.js:14:9)
    at dispatch (G:\with-dva\node_modules\_koa-compose@4.1.0@koa-compose\index.js:42:32)
    at module.exports (G:\with-dva\node_modules\_beidou-view@2.0.1@beidou-view\app\view-middlewares\redux.js:36:9)
    at dispatch (G:\with-dva\node_modules\_koa-compose@4.1.0@koa-compose\index.js:42:32)
    at module.exports (G:\with-dva\node_modules\_beidou-view@2.0.1@beidou-view\app\view-middlewares\initialprops.js:33:9)
    at dispatch (G:\with-dva\node_modules\_koa-compose@4.1.0@koa-compose\index.js:42:32)
name: "Invariant Violation"
framesToPop: 1
pid: 9220
hostname: PC-201901082126

2019-03-23 18:43:32,280 ERROR 10336 [-/::1/-/1014ms GET /] nodejs.Invariant Violation: [app.router] router should be function, but got undefined
    at invariant (G:\with-dva\node_modules\_invariant@2.2.4@invariant\invariant.js:40:15)
    at Object.router (G:\with-dva\node_modules\_dva@2.4.1@dva\lib\index.js:55:28)
    at router (G:\with-dva\client/index.jsx:21:7)
    at createApp (G:\with-dva\client/index.jsx:27:17)
    at module.exports (G:\with-dva\node_modules\_beidou-view@2.0.1@beidou-view\app\view-middlewares\partial.js:14:9)
    at dispatch (G:\with-dva\node_modules\_koa-compose@4.1.0@koa-compose\index.js:42:32)
    at module.exports (G:\with-dva\node_modules\_beidou-view@2.0.1@beidou-view\app\view-middlewares\redux.js:36:9)
    at dispatch (G:\with-dva\node_modules\_koa-compose@4.1.0@koa-compose\index.js:42:32)
    at module.exports (G:\with-dva\node_modules\_beidou-view@2.0.1@beidou-view\app\view-middlewares\initialprops.js:33:9)
    at dispatch (G:\with-dva\node_modules\_koa-compose@4.1.0@koa-compose\index.js:42:32)
name: "Invariant Violation"
framesToPop: 1
pid: 10336
hostname: PC-201901082126

2019-03-23 18:44:05,412 ERROR 9560 [-/127.0.0.1/-/838ms GET /] nodejs.Invariant Violation: [app.router] router should be function, but got undefined
    at invariant (G:\with-dva\node_modules\_invariant@2.2.4@invariant\invariant.js:40:15)
    at Object.router (G:\with-dva\node_modules\_dva@2.4.1@dva\lib\index.js:55:28)
    at router (G:\with-dva\client/index.jsx:21:7)
    at createApp (G:\with-dva\client/index.jsx:27:17)
    at module.exports (G:\with-dva\node_modules\_beidou-view@2.0.1@beidou-view\app\view-middlewares\partial.js:14:9)
    at dispatch (G:\with-dva\node_modules\_koa-compose@4.1.0@koa-compose\index.js:42:32)
    at module.exports (G:\with-dva\node_modules\_beidou-view@2.0.1@beidou-view\app\view-middlewares\redux.js:36:9)
    at dispatch (G:\with-dva\node_modules\_koa-compose@4.1.0@koa-compose\index.js:42:32)
    at module.exports (G:\with-dva\node_modules\_beidou-view@2.0.1@beidou-view\app\view-middlewares\initialprops.js:33:9)
    at dispatch (G:\with-dva\node_modules\_koa-compose@4.1.0@koa-compose\index.js:42:32)
name: "Invariant Violation"
framesToPop: 1
pid: 9560
hostname: PC-201901082126

2019-03-23 18:44:45,326 ERROR 9560 [-/::1/-/118ms GET /] nodejs.Invariant Violation: [app.router] router should be function, but got undefined
    at invariant (G:\with-dva\node_modules\_invariant@2.2.4@invariant\invariant.js:40:15)
    at Object.router (G:\with-dva\node_modules\_dva@2.4.1@dva\lib\index.js:55:28)
    at createApp (G:\with-dva\client/index.jsx:22:3)
    at getPartial (G:\with-dva\client/index.jsx:28:16)
    at module.exports (G:\with-dva\node_modules\_beidou-view@2.0.1@beidou-view\app\view-middlewares\partial.js:14:9)
    at dispatch (G:\with-dva\node_modules\_koa-compose@4.1.0@koa-compose\index.js:42:32)
    at module.exports (G:\with-dva\node_modules\_beidou-view@2.0.1@beidou-view\app\view-middlewares\redux.js:36:9)
    at dispatch (G:\with-dva\node_modules\_koa-compose@4.1.0@koa-compose\index.js:42:32)
    at module.exports (G:\with-dva\node_modules\_beidou-view@2.0.1@beidou-view\app\view-middlewares\initialprops.js:33:9)
    at dispatch (G:\with-dva\node_modules\_koa-compose@4.1.0@koa-compose\index.js:42:32)
name: "Invariant Violation"
framesToPop: 1
pid: 9560
hostname: PC-201901082126

2019-03-23 18:44:53,384 ERROR 9560 [-/::1/-/97ms GET /] nodejs.Invariant Violation: [app.router] router should be function, but got undefined
    at invariant (G:\with-dva\node_modules\_invariant@2.2.4@invariant\invariant.js:40:15)
    at Object.router (G:\with-dva\node_modules\_dva@2.4.1@dva\lib\index.js:55:28)
    at createApp (G:\with-dva\client/index.jsx:22:3)
    at getPartial (G:\with-dva\client/index.jsx:28:16)
    at module.exports (G:\with-dva\node_modules\_beidou-view@2.0.1@beidou-view\app\view-middlewares\partial.js:14:9)
    at dispatch (G:\with-dva\node_modules\_koa-compose@4.1.0@koa-compose\index.js:42:32)
    at module.exports (G:\with-dva\node_modules\_beidou-view@2.0.1@beidou-view\app\view-middlewares\redux.js:36:9)
    at dispatch (G:\with-dva\node_modules\_koa-compose@4.1.0@koa-compose\index.js:42:32)
    at module.exports (G:\with-dva\node_modules\_beidou-view@2.0.1@beidou-view\app\view-middlewares\initialprops.js:33:9)
    at dispatch (G:\with-dva\node_modules\_koa-compose@4.1.0@koa-compose\index.js:42:32)
name: "Invariant Violation"
framesToPop: 1
pid: 9560
hostname: PC-201901082126

2019-03-23 18:45:25,840 ERROR 9560 [-/::1/-/77ms GET /] nodejs.MODULE_NOT_FOUNDError: Cannot find module 'page/Home'
    at Function.Module._resolveFilename (internal/modules/cjs/loader.js:581:15)
    at Function.Module._resolveFilename (G:\with-dva\node_modules\_beidou-isomorphic@2.0.1@beidou-isomorphic\lib\alias.js:17:36)
    at Function.Module._load (internal/modules/cjs/loader.js:507:25)
    at Module.require (internal/modules/cjs/loader.js:637:17)
    at require (internal/modules/cjs/helpers.js:22:18)
    at Object.<anonymous> (G:\with-dva\client/router.jsx:5:1)
    at Module._compile (internal/modules/cjs/loader.js:689:30)
    at Module._compile (G:\with-dva\node_modules\_pirates@4.0.1@pirates\lib\index.js:99:24)
    at Module._extensions..js (internal/modules/cjs/loader.js:700:10)
    at Object.newLoader [as .jsx] (G:\with-dva\node_modules\_pirates@4.0.1@pirates\lib\index.js:104:7)
code: "MODULE_NOT_FOUND"
name: "MODULE_NOT_FOUNDError"
pid: 9560
hostname: PC-201901082126

2019-03-23 18:45:48,281 ERROR 9560 [-/::1/-/55ms GET /] nodejs.MODULE_NOT_FOUNDError: Cannot find module 'page/Home'
    at Function.Module._resolveFilename (internal/modules/cjs/loader.js:581:15)
    at Function.Module._resolveFilename (G:\with-dva\node_modules\_beidou-isomorphic@2.0.1@beidou-isomorphic\lib\alias.js:17:36)
    at Function.Module._load (internal/modules/cjs/loader.js:507:25)
    at Module.require (internal/modules/cjs/loader.js:637:17)
    at require (internal/modules/cjs/helpers.js:22:18)
    at Object.<anonymous> (G:\with-dva\client/router.jsx:5:1)
    at Module._compile (internal/modules/cjs/loader.js:689:30)
    at Module._compile (G:\with-dva\node_modules\_pirates@4.0.1@pirates\lib\index.js:99:24)
    at Module._extensions..js (internal/modules/cjs/loader.js:700:10)
    at Object.newLoader [as .jsx] (G:\with-dva\node_modules\_pirates@4.0.1@pirates\lib\index.js:104:7)
code: "MODULE_NOT_FOUND"
name: "MODULE_NOT_FOUNDError"
pid: 9560
hostname: PC-201901082126

2019-03-23 18:46:06,278 ERROR 9560 [-/::1/-/70ms GET /] nodejs.MODULE_NOT_FOUNDError: Cannot find module 'page/Home'
    at Function.Module._resolveFilename (internal/modules/cjs/loader.js:581:15)
    at Function.Module._resolveFilename (G:\with-dva\node_modules\_beidou-isomorphic@2.0.1@beidou-isomorphic\lib\alias.js:17:36)
    at Function.Module._load (internal/modules/cjs/loader.js:507:25)
    at Module.require (internal/modules/cjs/loader.js:637:17)
    at require (internal/modules/cjs/helpers.js:22:18)
    at Object.<anonymous> (G:\with-dva\client/router.jsx:5:1)
    at Module._compile (internal/modules/cjs/loader.js:689:30)
    at Module._compile (G:\with-dva\node_modules\_pirates@4.0.1@pirates\lib\index.js:99:24)
    at Module._extensions..js (internal/modules/cjs/loader.js:700:10)
    at Object.newLoader [as .jsx] (G:\with-dva\node_modules\_pirates@4.0.1@pirates\lib\index.js:104:7)
code: "MODULE_NOT_FOUND"
name: "MODULE_NOT_FOUNDError"
pid: 9560
hostname: PC-201901082126

2019-03-23 18:46:47,977 ERROR 9560 [-/::1/-/70ms GET /] nodejs.MODULE_NOT_FOUNDError: Cannot find module 'page/Home'
    at Function.Module._resolveFilename (internal/modules/cjs/loader.js:581:15)
    at Function.Module._resolveFilename (G:\with-dva\node_modules\_beidou-isomorphic@2.0.1@beidou-isomorphic\lib\alias.js:17:36)
    at Function.Module._load (internal/modules/cjs/loader.js:507:25)
    at Module.require (internal/modules/cjs/loader.js:637:17)
    at require (internal/modules/cjs/helpers.js:22:18)
    at Object.<anonymous> (G:\with-dva\client/router.jsx:5:1)
    at Module._compile (internal/modules/cjs/loader.js:689:30)
    at Module._compile (G:\with-dva\node_modules\_pirates@4.0.1@pirates\lib\index.js:99:24)
    at Module._extensions..js (internal/modules/cjs/loader.js:700:10)
    at Object.newLoader [as .jsx] (G:\with-dva\node_modules\_pirates@4.0.1@pirates\lib\index.js:104:7)
code: "MODULE_NOT_FOUND"
name: "MODULE_NOT_FOUNDError"
pid: 9560
hostname: PC-201901082126

2019-03-23 18:47:19,263 ERROR 9560 [-/::1/-/75ms GET /] nodejs.ReferenceError: Switch is not defined
    at Routers (G:\with-dva\client/router.jsx:8:6)
    at DvaRoot (G:\with-dva\node_modules\_dva@2.4.1@dva\lib\index.js:102:8)
    at getPartial (G:\with-dva\client\index.jsx:49:24)
    at module.exports (G:\with-dva\node_modules\_beidou-view@2.0.1@beidou-view\app\view-middlewares\partial.js:14:9)
    at dispatch (G:\with-dva\node_modules\_koa-compose@4.1.0@koa-compose\index.js:42:32)
    at module.exports (G:\with-dva\node_modules\_beidou-view@2.0.1@beidou-view\app\view-middlewares\redux.js:36:9)
    at dispatch (G:\with-dva\node_modules\_koa-compose@4.1.0@koa-compose\index.js:42:32)
    at module.exports (G:\with-dva\node_modules\_beidou-view@2.0.1@beidou-view\app\view-middlewares\initialprops.js:33:9)
    at dispatch (G:\with-dva\node_modules\_koa-compose@4.1.0@koa-compose\index.js:42:32)
    at module.exports (G:\with-dva\node_modules\_beidou-view@2.0.1@beidou-view\app\view-middlewares\cache.js:18:9)

pid: 9560
hostname: PC-201901082126

2019-03-23 18:47:40,439 ERROR 9560 [-/::1/-/55ms GET /] nodejs.ReferenceError: Route is not defined
    at Routers (G:\with-dva\client/router.jsx:8:5)
    at DvaRoot (G:\with-dva\node_modules\_dva@2.4.1@dva\lib\index.js:102:8)
    at getPartial (G:\with-dva\client\index.jsx:49:24)
    at module.exports (G:\with-dva\node_modules\_beidou-view@2.0.1@beidou-view\app\view-middlewares\partial.js:14:9)
    at dispatch (G:\with-dva\node_modules\_koa-compose@4.1.0@koa-compose\index.js:42:32)
    at module.exports (G:\with-dva\node_modules\_beidou-view@2.0.1@beidou-view\app\view-middlewares\redux.js:36:9)
    at dispatch (G:\with-dva\node_modules\_koa-compose@4.1.0@koa-compose\index.js:42:32)
    at module.exports (G:\with-dva\node_modules\_beidou-view@2.0.1@beidou-view\app\view-middlewares\initialprops.js:33:9)
    at dispatch (G:\with-dva\node_modules\_koa-compose@4.1.0@koa-compose\index.js:42:32)
    at module.exports (G:\with-dva\node_modules\_beidou-view@2.0.1@beidou-view\app\view-middlewares\cache.js:18:9)

pid: 9560
hostname: PC-201901082126

2019-03-23 18:51:50,763 ERROR 8404 [-/127.0.0.1/-/912ms GET /] nodejs.Invariant Violation: [app.router] router should be function, but got undefined
    at invariant (G:\with-dva\node_modules\_invariant@2.2.4@invariant\invariant.js:40:15)
    at Object.router (G:\with-dva\node_modules\_dva@2.4.1@dva\lib\index.js:55:28)
    at router (G:\with-dva\client/index.jsx:21:7)
    at createApp (G:\with-dva\client/index.jsx:27:17)
    at module.exports (G:\with-dva\node_modules\_beidou-view@2.0.1@beidou-view\app\view-middlewares\partial.js:14:9)
    at dispatch (G:\with-dva\node_modules\_koa-compose@4.1.0@koa-compose\index.js:42:32)
    at module.exports (G:\with-dva\node_modules\_beidou-view@2.0.1@beidou-view\app\view-middlewares\redux.js:36:9)
    at dispatch (G:\with-dva\node_modules\_koa-compose@4.1.0@koa-compose\index.js:42:32)
    at module.exports (G:\with-dva\node_modules\_beidou-view@2.0.1@beidou-view\app\view-middlewares\initialprops.js:33:9)
    at dispatch (G:\with-dva\node_modules\_koa-compose@4.1.0@koa-compose\index.js:42:32)
name: "Invariant Violation"
framesToPop: 1
pid: 8404
hostname: PC-201901082126

2019-03-24 10:41:02,222 ERROR 5076 [-/::1/-/1051ms GET /] nodejs.MODULE_NOT_FOUNDError: Cannot find module './pages/Home'
    at Function.Module._resolveFilename (internal/modules/cjs/loader.js:581:15)
    at Function.Module._resolveFilename (G:\with-dva\node_modules\_beidou-isomorphic@2.0.1@beidou-isomorphic\lib\alias.js:17:36)
    at Function.Module._load (internal/modules/cjs/loader.js:507:25)
    at Module.require (internal/modules/cjs/loader.js:637:17)
    at require (internal/modules/cjs/helpers.js:22:18)
    at Object.<anonymous> (G:\with-dva\client/router.jsx:5:1)
    at Module._compile (internal/modules/cjs/loader.js:689:30)
    at Module._compile (G:\with-dva\node_modules\_pirates@4.0.1@pirates\lib\index.js:99:24)
    at Module._extensions..js (internal/modules/cjs/loader.js:700:10)
    at Object.newLoader [as .jsx] (G:\with-dva\node_modules\_pirates@4.0.1@pirates\lib\index.js:104:7)
code: "MODULE_NOT_FOUND"
name: "MODULE_NOT_FOUNDError"
pid: 5076
hostname: PC-201901082126

2019-03-24 12:05:47,509 ERROR 9888 [-/::1/-/85ms GET /] nodejs.ReferenceError: callback is not defined
    at Home (G:\with-dva\client\pages\Home/index.jsx:6:13)
    at processChild (G:\with-dva\node_modules\_react-dom@16.8.5@react-dom\cjs\react-dom-server.node.development.js:2871:14)
    at resolve (G:\with-dva\node_modules\_react-dom@16.8.5@react-dom\cjs\react-dom-server.node.development.js:2795:5)
    at ReactDOMServerRenderer.render (G:\with-dva\node_modules\_react-dom@16.8.5@react-dom\cjs\react-dom-server.node.development.js:3185:22)
    at ReactDOMServerRenderer.read (G:\with-dva\node_modules\_react-dom@16.8.5@react-dom\cjs\react-dom-server.node.development.js:3144:29)
    at renderToString (G:\with-dva\node_modules\_react-dom@16.8.5@react-dom\cjs\react-dom-server.node.development.js:3629:27)
    at ReactView.renderElement (G:\with-dva\node_modules\_beidou-view-react@2.0.1@beidou-view-react\lib\react-view.js:23:9)
    at module.exports (G:\with-dva\node_modules\_beidou-view@2.0.1@beidou-view\app\view-middlewares\partial.js:35:27)
    at dispatch (G:\with-dva\node_modules\_koa-compose@4.1.0@koa-compose\index.js:42:32)
    at module.exports (G:\with-dva\node_modules\_beidou-view@2.0.1@beidou-view\app\view-middlewares\redux.js:36:9)

pid: 9888
hostname: PC-201901082126

2019-03-24 12:06:01,995 ERROR 9888 [-/::1/-/90ms GET /] nodejs.ReferenceError: callback is not defined
    at Home (G:\with-dva\client\pages\Home/index.jsx:6:13)
    at processChild (G:\with-dva\node_modules\_react-dom@16.8.5@react-dom\cjs\react-dom-server.node.development.js:2871:14)
    at resolve (G:\with-dva\node_modules\_react-dom@16.8.5@react-dom\cjs\react-dom-server.node.development.js:2795:5)
    at ReactDOMServerRenderer.render (G:\with-dva\node_modules\_react-dom@16.8.5@react-dom\cjs\react-dom-server.node.development.js:3185:22)
    at ReactDOMServerRenderer.read (G:\with-dva\node_modules\_react-dom@16.8.5@react-dom\cjs\react-dom-server.node.development.js:3144:29)
    at renderToString (G:\with-dva\node_modules\_react-dom@16.8.5@react-dom\cjs\react-dom-server.node.development.js:3629:27)
    at ReactView.renderElement (G:\with-dva\node_modules\_beidou-view-react@2.0.1@beidou-view-react\lib\react-view.js:23:9)
    at module.exports (G:\with-dva\node_modules\_beidou-view@2.0.1@beidou-view\app\view-middlewares\partial.js:35:27)
    at dispatch (G:\with-dva\node_modules\_koa-compose@4.1.0@koa-compose\index.js:42:32)
    at module.exports (G:\with-dva\node_modules\_beidou-view@2.0.1@beidou-view\app\view-middlewares\redux.js:36:9)

pid: 9888
hostname: PC-201901082126

2019-03-24 12:06:21,880 ERROR 9888 [-/::1/-/69ms GET /] nodejs.ReferenceError: callback is not defined
    at Home (G:\with-dva\client\pages\Home/index.jsx:6:13)
    at processChild (G:\with-dva\node_modules\_react-dom@16.8.5@react-dom\cjs\react-dom-server.node.development.js:2871:14)
    at resolve (G:\with-dva\node_modules\_react-dom@16.8.5@react-dom\cjs\react-dom-server.node.development.js:2795:5)
    at ReactDOMServerRenderer.render (G:\with-dva\node_modules\_react-dom@16.8.5@react-dom\cjs\react-dom-server.node.development.js:3185:22)
    at ReactDOMServerRenderer.read (G:\with-dva\node_modules\_react-dom@16.8.5@react-dom\cjs\react-dom-server.node.development.js:3144:29)
    at renderToString (G:\with-dva\node_modules\_react-dom@16.8.5@react-dom\cjs\react-dom-server.node.development.js:3629:27)
    at ReactView.renderElement (G:\with-dva\node_modules\_beidou-view-react@2.0.1@beidou-view-react\lib\react-view.js:23:9)
    at module.exports (G:\with-dva\node_modules\_beidou-view@2.0.1@beidou-view\app\view-middlewares\partial.js:35:27)
    at dispatch (G:\with-dva\node_modules\_koa-compose@4.1.0@koa-compose\index.js:42:32)
    at module.exports (G:\with-dva\node_modules\_beidou-view@2.0.1@beidou-view\app\view-middlewares\redux.js:36:9)

pid: 9888
hostname: PC-201901082126

2019-03-24 12:06:39,439 ERROR 9888 [-/::1/-/51ms GET /] nodejs.SyntaxError: G:\with-dva\client\pages\Home\index.jsx: Unexpected token, expected ";" (6:18)

[0m [90m 4 | [39m[36mconst[39m [33mTabPane[39m [33m=[39m [33mTabs[39m[33m.[39m[33mTabPane[39m[33m;[39m[0m
[0m [90m 5 | [39m[36mfunction[39m [33mHome[39m() {[0m
[0m[31m[1m>[22m[39m[90m 6 | [39m    callback(key) {[0m
[0m [90m   | [39m                  [31m[1m^[22m[39m[0m
[0m [90m 7 | [39m        console[33m.[39mdir(key)[0m
[0m [90m 8 | [39m    }[0m
[0m [90m 9 | [39m    [36mreturn[39m ([0m

[0m [90m 4 | [39m[36mconst[39m [33mTabPane[39m [33m=[39m [33mTabs[39m[33m.[39m[33mTabPane[39m[33m;[39m[0m
[0m [90m 5 | [39m[36mfunction[39m [33mHome[39m() {[0m
[0m[31m[1m>[22m[39m[90m 6 | [39m    callback(key) {[0m
[0m [90m   | [39m                  [31m[1m^[22m[39m[0m
[0m [90m 7 | [39m        console[33m.[39mdir(key)[0m
[0m [90m 8 | [39m    }[0m
[0m [90m 9 | [39m    [36mreturn[39m ([0m
    at Object.raise (G:\with-dva\node_modules\_@babel_parser@7.4.2@@babel\parser\lib\index.js:3851:17)
    at Object.unexpected (G:\with-dva\node_modules\_@babel_parser@7.4.2@@babel\parser\lib\index.js:5165:16)
    at Object.semicolon (G:\with-dva\node_modules\_@babel_parser@7.4.2@@babel\parser\lib\index.js:5147:40)
    at Object.parseExpressionStatement (G:\with-dva\node_modules\_@babel_parser@7.4.2@@babel\parser\lib\index.js:7838:10)
    at Object.parseStatementContent (G:\with-dva\node_modules\_@babel_parser@7.4.2@@babel\parser\lib\index.js:7427:19)
    at Object.parseStatement (G:\with-dva\node_modules\_@babel_parser@7.4.2@@babel\parser\lib\index.js:7293:17)
    at Object.parseBlockOrModuleBlockBody (G:\with-dva\node_modules\_@babel_parser@7.4.2@@babel\parser\lib\index.js:7879:25)
    at Object.parseBlockBody (G:\with-dva\node_modules\_@babel_parser@7.4.2@@babel\parser\lib\index.js:7866:10)
    at Object.parseBlock (G:\with-dva\node_modules\_@babel_parser@7.4.2@@babel\parser\lib\index.js:7850:10)
    at Object.parseFunctionBody (G:\with-dva\node_modules\_@babel_parser@7.4.2@@babel\parser\lib\index.js:6911:24)
pos: 166
loc: {"line":6,"column":18}
code: "BABEL_PARSE_ERROR"
pid: 9888
hostname: PC-201901082126

2019-03-24 12:10:40,325 ERROR 9888 [-/::1/-/71ms GET /] nodejs.ReferenceError: callback is not defined
    at Home (G:\with-dva\client\pages\Home/index.jsx:6:13)
    at processChild (G:\with-dva\node_modules\_react-dom@16.8.5@react-dom\cjs\react-dom-server.node.development.js:2871:14)
    at resolve (G:\with-dva\node_modules\_react-dom@16.8.5@react-dom\cjs\react-dom-server.node.development.js:2795:5)
    at ReactDOMServerRenderer.render (G:\with-dva\node_modules\_react-dom@16.8.5@react-dom\cjs\react-dom-server.node.development.js:3185:22)
    at ReactDOMServerRenderer.read (G:\with-dva\node_modules\_react-dom@16.8.5@react-dom\cjs\react-dom-server.node.development.js:3144:29)
    at renderToString (G:\with-dva\node_modules\_react-dom@16.8.5@react-dom\cjs\react-dom-server.node.development.js:3629:27)
    at ReactView.renderElement (G:\with-dva\node_modules\_beidou-view-react@2.0.1@beidou-view-react\lib\react-view.js:23:9)
    at module.exports (G:\with-dva\node_modules\_beidou-view@2.0.1@beidou-view\app\view-middlewares\partial.js:35:27)
    at dispatch (G:\with-dva\node_modules\_koa-compose@4.1.0@koa-compose\index.js:42:32)
    at module.exports (G:\with-dva\node_modules\_beidou-view@2.0.1@beidou-view\app\view-middlewares\redux.js:36:9)

pid: 9888
hostname: PC-201901082126

2019-03-24 12:13:16,525 ERROR 9888 [-/::1/-/66ms GET /] nodejs.ReferenceError: key is not defined
    at Home (G:\with-dva\client\pages\Home/index.jsx:12:17)
    at processChild (G:\with-dva\node_modules\_react-dom@16.8.5@react-dom\cjs\react-dom-server.node.development.js:2871:14)
    at resolve (G:\with-dva\node_modules\_react-dom@16.8.5@react-dom\cjs\react-dom-server.node.development.js:2795:5)
    at ReactDOMServerRenderer.render (G:\with-dva\node_modules\_react-dom@16.8.5@react-dom\cjs\react-dom-server.node.development.js:3185:22)
    at ReactDOMServerRenderer.read (G:\with-dva\node_modules\_react-dom@16.8.5@react-dom\cjs\react-dom-server.node.development.js:3144:29)
    at renderToString (G:\with-dva\node_modules\_react-dom@16.8.5@react-dom\cjs\react-dom-server.node.development.js:3629:27)
    at ReactView.renderElement (G:\with-dva\node_modules\_beidou-view-react@2.0.1@beidou-view-react\lib\react-view.js:23:9)
    at module.exports (G:\with-dva\node_modules\_beidou-view@2.0.1@beidou-view\app\view-middlewares\partial.js:35:27)
    at dispatch (G:\with-dva\node_modules\_koa-compose@4.1.0@koa-compose\index.js:42:32)
    at module.exports (G:\with-dva\node_modules\_beidou-view@2.0.1@beidou-view\app\view-middlewares\redux.js:36:9)

pid: 9888
hostname: PC-201901082126

2019-03-24 16:36:54,197 ERROR 9232 [-/::1/-/32ms POST /api/xiecheng/flightListSearch] nodejs.ReferenceError: app is not defined
    at XiechengService.search (G:\with-dva\app\service/xiecheng.js:12:20)
    at XiechengController.search (G:\with-dva\app\controller/xiecheng.js:25:40)
    at Object.callFn (G:\with-dva\node_modules\_egg-core@4.16.1@egg-core\lib\utils\index.js:44:21)
    at Object.classControllerMiddleware (G:\with-dva\node_modules\_egg-core@4.16.1@egg-core\lib\loader\mixin\controller.js:87:20)
    at Object.callFn (G:\with-dva\node_modules\_@eggjs_router@2.0.0@@eggjs\router\lib\utils.js:12:21)
    at wrappedController (G:\with-dva\node_modules\_@eggjs_router@2.0.0@@eggjs\router\lib\egg_router.js:322:18)
    at dispatch (G:\with-dva\node_modules\_koa-compose@3.2.1@koa-compose\index.js:44:32)
    at next (G:\with-dva\node_modules\_koa-compose@3.2.1@koa-compose\index.js:45:18)
    at G:\with-dva\node_modules\_@eggjs_router@2.0.0@@eggjs\router\lib\router.js:190:18
    at dispatch (G:\with-dva\node_modules\_koa-compose@3.2.1@koa-compose\index.js:44:32)

pid: 9232
hostname: PC-201901082126

