2019-03-23 16:22:01,263 INFO 1228 [egg:logger] init all loggers with options: {"dir":"G:\\with-dva\\logs\\beidou-example-with-dva","encoding":"utf8","env":"local","level":"INFO","consoleLevel":"INFO","disableConsoleAfterReady":false,"outputJSON":false,"buffer":true,"appLogName":"beidou-example-with-dva-web.log","coreLogName":"egg-web.log","agentLogName":"egg-agent.log","errorLogName":"common-error.log","coreLogger":{"consoleLevel":"WARN"},"allowDebugAtProd":false,"type":"application"}
2019-03-23 16:22:01,320 INFO 1228 [egg-multipart] stream mode enable
2019-03-23 16:22:01,445 INFO 1228 [egg-static] starting static serve /public/ -> G:\with-dva\app\public
2019-03-23 16:22:01,449 INFO 1228 [egg-security] use csrf middleware
2019-03-23 16:22:01,451 INFO 1228 [egg-security] use methodnoallow middleware
2019-03-23 16:22:01,451 INFO 1228 [egg-security] use noopen middleware
2019-03-23 16:22:01,453 INFO 1228 [egg-security] use nosniff middleware
2019-03-23 16:22:01,454 INFO 1228 [egg-security] use xssProtection middleware
2019-03-23 16:22:01,454 INFO 1228 [egg-security] use xframe middleware
2019-03-23 16:22:01,455 INFO 1228 [egg-security] use dta middleware
2019-03-23 16:22:01,455 INFO 1228 [egg-security] compose 7 middlewares into one security middleware
2019-03-23 16:22:01,482 INFO 1228 [egg:core] dump config after load, 7ms
2019-03-23 16:22:01,572 INFO 1228 [egg-watcher:application] watcher start success
2019-03-23 16:22:01,580 INFO 1228 [egg:core] dump config after ready, 6ms
2019-03-23 18:31:22,675 INFO 10084 [egg:logger] init all loggers with options: {"dir":"G:\\with-dva\\logs\\beidou-example-with-dva","encoding":"utf8","env":"local","level":"INFO","consoleLevel":"INFO","disableConsoleAfterReady":false,"outputJSON":false,"buffer":true,"appLogName":"beidou-example-with-dva-web.log","coreLogName":"egg-web.log","agentLogName":"egg-agent.log","errorLogName":"common-error.log","coreLogger":{"consoleLevel":"WARN"},"allowDebugAtProd":false,"type":"application"}
2019-03-23 18:31:22,718 INFO 10084 [egg-multipart] stream mode enable
2019-03-23 18:31:22,845 INFO 10084 [egg-static] starting static serve /public/ -> G:\with-dva\app\public
2019-03-23 18:31:22,850 INFO 10084 [egg-security] use csrf middleware
2019-03-23 18:31:22,851 INFO 10084 [egg-security] use methodnoallow middleware
2019-03-23 18:31:22,852 INFO 10084 [egg-security] use noopen middleware
2019-03-23 18:31:22,853 INFO 10084 [egg-security] use nosniff middleware
2019-03-23 18:31:22,854 INFO 10084 [egg-security] use xssProtection middleware
2019-03-23 18:31:22,855 INFO 10084 [egg-security] use xframe middleware
2019-03-23 18:31:22,855 INFO 10084 [egg-security] use dta middleware
2019-03-23 18:31:22,855 INFO 10084 [egg-security] compose 7 middlewares into one security middleware
2019-03-23 18:31:22,878 INFO 10084 [egg:core] dump config after load, 7ms
2019-03-23 18:31:22,900 INFO 10084 [egg-watcher:application] watcher start success
2019-03-23 18:31:22,909 INFO 10084 [egg:core] dump config after ready, 7ms
2019-03-23 18:31:44,474 INFO 676 [egg:logger] init all loggers with options: {"dir":"G:\\with-dva\\logs\\beidou-example-with-dva","encoding":"utf8","env":"local","level":"INFO","consoleLevel":"INFO","disableConsoleAfterReady":false,"outputJSON":false,"buffer":true,"appLogName":"beidou-example-with-dva-web.log","coreLogName":"egg-web.log","agentLogName":"egg-agent.log","errorLogName":"common-error.log","coreLogger":{"consoleLevel":"WARN"},"allowDebugAtProd":false,"type":"application"}
2019-03-23 18:31:44,517 INFO 676 [egg-multipart] stream mode enable
2019-03-23 18:31:44,641 INFO 676 [egg-static] starting static serve /public/ -> G:\with-dva\app\public
2019-03-23 18:31:44,645 INFO 676 [egg-security] use csrf middleware
2019-03-23 18:31:44,647 INFO 676 [egg-security] use methodnoallow middleware
2019-03-23 18:31:44,648 INFO 676 [egg-security] use noopen middleware
2019-03-23 18:31:44,651 INFO 676 [egg-security] use nosniff middleware
2019-03-23 18:31:44,651 INFO 676 [egg-security] use xssProtection middleware
2019-03-23 18:31:44,652 INFO 676 [egg-security] use xframe middleware
2019-03-23 18:31:44,653 INFO 676 [egg-security] use dta middleware
2019-03-23 18:31:44,653 INFO 676 [egg-security] compose 7 middlewares into one security middleware
2019-03-23 18:31:44,678 INFO 676 [egg:core] dump config after load, 7ms
2019-03-23 18:31:44,694 INFO 676 [egg-watcher:application] watcher start success
2019-03-23 18:31:44,705 INFO 676 [egg:core] dump config after ready, 9ms
2019-03-23 18:32:35,763 INFO 10312 [egg:logger] init all loggers with options: {"dir":"G:\\with-dva\\logs\\beidou-example-with-dva","encoding":"utf8","env":"local","level":"INFO","consoleLevel":"INFO","disableConsoleAfterReady":false,"outputJSON":false,"buffer":true,"appLogName":"beidou-example-with-dva-web.log","coreLogName":"egg-web.log","agentLogName":"egg-agent.log","errorLogName":"common-error.log","coreLogger":{"consoleLevel":"WARN"},"allowDebugAtProd":false,"type":"application"}
2019-03-23 18:32:35,810 INFO 10312 [egg-multipart] stream mode enable
2019-03-23 18:32:35,946 INFO 10312 [egg-static] starting static serve /public/ -> G:\with-dva\app\public
2019-03-23 18:32:35,950 INFO 10312 [egg-security] use csrf middleware
2019-03-23 18:32:35,951 INFO 10312 [egg-security] use methodnoallow middleware
2019-03-23 18:32:35,952 INFO 10312 [egg-security] use noopen middleware
2019-03-23 18:32:35,953 INFO 10312 [egg-security] use nosniff middleware
2019-03-23 18:32:35,954 INFO 10312 [egg-security] use xssProtection middleware
2019-03-23 18:32:35,955 INFO 10312 [egg-security] use xframe middleware
2019-03-23 18:32:35,955 INFO 10312 [egg-security] use dta middleware
2019-03-23 18:32:35,955 INFO 10312 [egg-security] compose 7 middlewares into one security middleware
2019-03-23 18:32:35,977 INFO 10312 [egg:core] dump config after load, 7ms
2019-03-23 18:32:35,994 INFO 10312 [egg-watcher:application] watcher start success
2019-03-23 18:32:36,001 INFO 10312 [egg:core] dump config after ready, 5ms
2019-03-23 18:33:18,459 INFO 9816 [egg:logger] init all loggers with options: {"dir":"G:\\with-dva\\logs\\beidou-example-with-dva","encoding":"utf8","env":"local","level":"INFO","consoleLevel":"INFO","disableConsoleAfterReady":false,"outputJSON":false,"buffer":true,"appLogName":"beidou-example-with-dva-web.log","coreLogName":"egg-web.log","agentLogName":"egg-agent.log","errorLogName":"common-error.log","coreLogger":{"consoleLevel":"WARN"},"allowDebugAtProd":false,"type":"application"}
2019-03-23 18:33:18,511 INFO 9816 [egg-multipart] stream mode enable
2019-03-23 18:33:18,639 INFO 9816 [egg-static] starting static serve /public/ -> G:\with-dva\app\public
2019-03-23 18:33:18,643 INFO 9816 [egg-security] use csrf middleware
2019-03-23 18:33:18,645 INFO 9816 [egg-security] use methodnoallow middleware
2019-03-23 18:33:18,646 INFO 9816 [egg-security] use noopen middleware
2019-03-23 18:33:18,647 INFO 9816 [egg-security] use nosniff middleware
2019-03-23 18:33:18,648 INFO 9816 [egg-security] use xssProtection middleware
2019-03-23 18:33:18,648 INFO 9816 [egg-security] use xframe middleware
2019-03-23 18:33:18,649 INFO 9816 [egg-security] use dta middleware
2019-03-23 18:33:18,649 INFO 9816 [egg-security] compose 7 middlewares into one security middleware
2019-03-23 18:33:18,673 INFO 9816 [egg:core] dump config after load, 8ms
2019-03-23 18:33:18,691 INFO 9816 [egg-watcher:application] watcher start success
2019-03-23 18:33:18,698 INFO 9816 [egg:core] dump config after ready, 5ms
2019-03-23 18:35:22,943 INFO 10712 [egg:logger] init all loggers with options: {"dir":"G:\\with-dva\\logs\\beidou-example-with-dva","encoding":"utf8","env":"local","level":"INFO","consoleLevel":"INFO","disableConsoleAfterReady":false,"outputJSON":false,"buffer":true,"appLogName":"beidou-example-with-dva-web.log","coreLogName":"egg-web.log","agentLogName":"egg-agent.log","errorLogName":"common-error.log","coreLogger":{"consoleLevel":"WARN"},"allowDebugAtProd":false,"type":"application"}
2019-03-23 18:35:22,996 INFO 10712 [egg-multipart] stream mode enable
2019-03-23 18:35:23,130 INFO 10712 [egg-static] starting static serve /public/ -> G:\with-dva\app\public
2019-03-23 18:35:23,134 INFO 10712 [egg-security] use csrf middleware
2019-03-23 18:35:23,136 INFO 10712 [egg-security] use methodnoallow middleware
2019-03-23 18:35:23,137 INFO 10712 [egg-security] use noopen middleware
2019-03-23 18:35:23,138 INFO 10712 [egg-security] use nosniff middleware
2019-03-23 18:35:23,139 INFO 10712 [egg-security] use xssProtection middleware
2019-03-23 18:35:23,140 INFO 10712 [egg-security] use xframe middleware
2019-03-23 18:35:23,140 INFO 10712 [egg-security] use dta middleware
2019-03-23 18:35:23,140 INFO 10712 [egg-security] compose 7 middlewares into one security middleware
2019-03-23 18:35:23,165 INFO 10712 [egg:core] dump config after load, 8ms
2019-03-23 18:35:23,254 INFO 10712 [egg-watcher:application] watcher start success
2019-03-23 18:35:23,267 INFO 10712 [egg:core] dump config after ready, 10ms
2019-03-23 18:35:54,547 INFO 8260 [egg:logger] init all loggers with options: {"dir":"G:\\with-dva\\logs\\beidou-example-with-dva","encoding":"utf8","env":"local","level":"INFO","consoleLevel":"INFO","disableConsoleAfterReady":false,"outputJSON":false,"buffer":true,"appLogName":"beidou-example-with-dva-web.log","coreLogName":"egg-web.log","agentLogName":"egg-agent.log","errorLogName":"common-error.log","coreLogger":{"consoleLevel":"WARN"},"allowDebugAtProd":false,"type":"application"}
2019-03-23 18:35:54,602 INFO 8260 [egg-multipart] stream mode enable
2019-03-23 18:35:54,719 INFO 8260 [egg-static] starting static serve /public/ -> G:\with-dva\app\public
2019-03-23 18:35:54,723 INFO 8260 [egg-security] use csrf middleware
2019-03-23 18:35:54,725 INFO 8260 [egg-security] use methodnoallow middleware
2019-03-23 18:35:54,725 INFO 8260 [egg-security] use noopen middleware
2019-03-23 18:35:54,727 INFO 8260 [egg-security] use nosniff middleware
2019-03-23 18:35:54,727 INFO 8260 [egg-security] use xssProtection middleware
2019-03-23 18:35:54,728 INFO 8260 [egg-security] use xframe middleware
2019-03-23 18:35:54,728 INFO 8260 [egg-security] use dta middleware
2019-03-23 18:35:54,728 INFO 8260 [egg-security] compose 7 middlewares into one security middleware
2019-03-23 18:35:54,755 INFO 8260 [egg:core] dump config after load, 10ms
2019-03-23 18:35:54,783 INFO 8260 [egg-watcher:application] watcher start success
2019-03-23 18:35:54,792 INFO 8260 [egg:core] dump config after ready, 7ms
2019-03-23 18:41:52,330 INFO 9220 [egg:logger] init all loggers with options: {"dir":"G:\\with-dva\\logs\\beidou-example-with-dva","encoding":"utf8","env":"local","level":"INFO","consoleLevel":"INFO","disableConsoleAfterReady":false,"outputJSON":false,"buffer":true,"appLogName":"beidou-example-with-dva-web.log","coreLogName":"egg-web.log","agentLogName":"egg-agent.log","errorLogName":"common-error.log","coreLogger":{"consoleLevel":"WARN"},"allowDebugAtProd":false,"type":"application"}
2019-03-23 18:41:52,384 INFO 9220 [egg-multipart] stream mode enable
2019-03-23 18:41:52,506 INFO 9220 [egg-static] starting static serve /public/ -> G:\with-dva\app\public
2019-03-23 18:41:52,510 INFO 9220 [egg-security] use csrf middleware
2019-03-23 18:41:52,512 INFO 9220 [egg-security] use methodnoallow middleware
2019-03-23 18:41:52,512 INFO 9220 [egg-security] use noopen middleware
2019-03-23 18:41:52,514 INFO 9220 [egg-security] use nosniff middleware
2019-03-23 18:41:52,514 INFO 9220 [egg-security] use xssProtection middleware
2019-03-23 18:41:52,515 INFO 9220 [egg-security] use xframe middleware
2019-03-23 18:41:52,515 INFO 9220 [egg-security] use dta middleware
2019-03-23 18:41:52,516 INFO 9220 [egg-security] compose 7 middlewares into one security middleware
2019-03-23 18:41:52,542 INFO 9220 [egg:core] dump config after load, 10ms
2019-03-23 18:41:52,574 INFO 9220 [egg-watcher:application] watcher start success
2019-03-23 18:41:52,591 INFO 9220 [egg:core] dump config after ready, 13ms
2019-03-23 18:43:30,915 INFO 10336 [egg:logger] init all loggers with options: {"dir":"G:\\with-dva\\logs\\beidou-example-with-dva","encoding":"utf8","env":"local","level":"INFO","consoleLevel":"INFO","disableConsoleAfterReady":false,"outputJSON":false,"buffer":true,"appLogName":"beidou-example-with-dva-web.log","coreLogName":"egg-web.log","agentLogName":"egg-agent.log","errorLogName":"common-error.log","coreLogger":{"consoleLevel":"WARN"},"allowDebugAtProd":false,"type":"application"}
2019-03-23 18:43:30,967 INFO 10336 [egg-multipart] stream mode enable
2019-03-23 18:43:31,079 INFO 10336 [egg-static] starting static serve /public/ -> G:\with-dva\app\public
2019-03-23 18:43:31,084 INFO 10336 [egg-security] use csrf middleware
2019-03-23 18:43:31,085 INFO 10336 [egg-security] use methodnoallow middleware
2019-03-23 18:43:31,086 INFO 10336 [egg-security] use noopen middleware
2019-03-23 18:43:31,087 INFO 10336 [egg-security] use nosniff middleware
2019-03-23 18:43:31,088 INFO 10336 [egg-security] use xssProtection middleware
2019-03-23 18:43:31,089 INFO 10336 [egg-security] use xframe middleware
2019-03-23 18:43:31,089 INFO 10336 [egg-security] use dta middleware
2019-03-23 18:43:31,089 INFO 10336 [egg-security] compose 7 middlewares into one security middleware
2019-03-23 18:43:31,112 INFO 10336 [egg:core] dump config after load, 7ms
2019-03-23 18:43:31,134 INFO 10336 [egg-watcher:application] watcher start success
2019-03-23 18:43:31,148 INFO 10336 [egg:core] dump config after ready, 10ms
2019-03-23 18:44:04,276 INFO 9560 [egg:logger] init all loggers with options: {"dir":"G:\\with-dva\\logs\\beidou-example-with-dva","encoding":"utf8","env":"local","level":"INFO","consoleLevel":"INFO","disableConsoleAfterReady":false,"outputJSON":false,"buffer":true,"appLogName":"beidou-example-with-dva-web.log","coreLogName":"egg-web.log","agentLogName":"egg-agent.log","errorLogName":"common-error.log","coreLogger":{"consoleLevel":"WARN"},"allowDebugAtProd":false,"type":"application"}
2019-03-23 18:44:04,325 INFO 9560 [egg-multipart] stream mode enable
2019-03-23 18:44:04,443 INFO 9560 [egg-static] starting static serve /public/ -> G:\with-dva\app\public
2019-03-23 18:44:04,448 INFO 9560 [egg-security] use csrf middleware
2019-03-23 18:44:04,449 INFO 9560 [egg-security] use methodnoallow middleware
2019-03-23 18:44:04,450 INFO 9560 [egg-security] use noopen middleware
2019-03-23 18:44:04,451 INFO 9560 [egg-security] use nosniff middleware
2019-03-23 18:44:04,452 INFO 9560 [egg-security] use xssProtection middleware
2019-03-23 18:44:04,452 INFO 9560 [egg-security] use xframe middleware
2019-03-23 18:44:04,453 INFO 9560 [egg-security] use dta middleware
2019-03-23 18:44:04,454 INFO 9560 [egg-security] compose 7 middlewares into one security middleware
2019-03-23 18:44:04,477 INFO 9560 [egg:core] dump config after load, 7ms
2019-03-23 18:44:04,495 INFO 9560 [egg-watcher:application] watcher start success
2019-03-23 18:44:04,504 INFO 9560 [egg:core] dump config after ready, 7ms
2019-03-23 18:51:49,561 INFO 8404 [egg:logger] init all loggers with options: {"dir":"G:\\with-dva\\logs\\beidou-example-with-dva","encoding":"utf8","env":"local","level":"INFO","consoleLevel":"INFO","disableConsoleAfterReady":false,"outputJSON":false,"buffer":true,"appLogName":"beidou-example-with-dva-web.log","coreLogName":"egg-web.log","agentLogName":"egg-agent.log","errorLogName":"common-error.log","coreLogger":{"consoleLevel":"WARN"},"allowDebugAtProd":false,"type":"application"}
2019-03-23 18:51:49,625 INFO 8404 [egg-multipart] stream mode enable
2019-03-23 18:51:49,759 INFO 8404 [egg-static] starting static serve /public/ -> G:\with-dva\app\public
2019-03-23 18:51:49,764 INFO 8404 [egg-security] use csrf middleware
2019-03-23 18:51:49,766 INFO 8404 [egg-security] use methodnoallow middleware
2019-03-23 18:51:49,766 INFO 8404 [egg-security] use noopen middleware
2019-03-23 18:51:49,768 INFO 8404 [egg-security] use nosniff middleware
2019-03-23 18:51:49,768 INFO 8404 [egg-security] use xssProtection middleware
2019-03-23 18:51:49,769 INFO 8404 [egg-security] use xframe middleware
2019-03-23 18:51:49,770 INFO 8404 [egg-security] use dta middleware
2019-03-23 18:51:49,770 INFO 8404 [egg-security] compose 7 middlewares into one security middleware
2019-03-23 18:51:49,794 INFO 8404 [egg:core] dump config after load, 8ms
2019-03-23 18:51:49,813 INFO 8404 [egg-watcher:application] watcher start success
2019-03-23 18:51:49,825 INFO 8404 [egg:core] dump config after ready, 10ms
2019-03-24 10:21:37,504 INFO 7252 [egg:logger] init all loggers with options: {"dir":"G:\\with-dva\\logs\\beidou-example-with-dva","encoding":"utf8","env":"local","level":"INFO","consoleLevel":"INFO","disableConsoleAfterReady":false,"outputJSON":false,"buffer":true,"appLogName":"beidou-example-with-dva-web.log","coreLogName":"egg-web.log","agentLogName":"egg-agent.log","errorLogName":"common-error.log","coreLogger":{"consoleLevel":"WARN"},"allowDebugAtProd":false,"type":"application"}
2019-03-24 10:21:37,554 INFO 7252 [egg-multipart] stream mode enable
2019-03-24 10:21:37,760 INFO 7252 [egg-static] starting static serve /public/ -> G:\with-dva\app\public
2019-03-24 10:21:37,767 INFO 7252 [egg-security] use csrf middleware
2019-03-24 10:21:37,770 INFO 7252 [egg-security] use methodnoallow middleware
2019-03-24 10:21:37,771 INFO 7252 [egg-security] use noopen middleware
2019-03-24 10:21:37,773 INFO 7252 [egg-security] use nosniff middleware
2019-03-24 10:21:37,774 INFO 7252 [egg-security] use xssProtection middleware
2019-03-24 10:21:37,775 INFO 7252 [egg-security] use xframe middleware
2019-03-24 10:21:37,776 INFO 7252 [egg-security] use dta middleware
2019-03-24 10:21:37,776 INFO 7252 [egg-security] compose 7 middlewares into one security middleware
2019-03-24 10:21:37,816 INFO 7252 [egg:core] dump config after load, 7ms
2019-03-24 10:21:37,837 INFO 7252 [egg-watcher:application] watcher start success
2019-03-24 10:21:37,846 INFO 7252 [egg:core] dump config after ready, 7ms
2019-03-24 10:22:50,373 INFO 7824 [egg:logger] init all loggers with options: {"dir":"G:\\with-dva\\logs\\beidou-example-with-dva","encoding":"utf8","env":"local","level":"INFO","consoleLevel":"INFO","disableConsoleAfterReady":false,"outputJSON":false,"buffer":true,"appLogName":"beidou-example-with-dva-web.log","coreLogName":"egg-web.log","agentLogName":"egg-agent.log","errorLogName":"common-error.log","coreLogger":{"consoleLevel":"WARN"},"allowDebugAtProd":false,"type":"application"}
2019-03-24 10:22:50,423 INFO 7824 [egg-multipart] stream mode enable
2019-03-24 10:22:50,545 INFO 7824 [egg-static] starting static serve /public/ -> G:\with-dva\app\public
2019-03-24 10:22:50,549 INFO 7824 [egg-security] use csrf middleware
2019-03-24 10:22:50,551 INFO 7824 [egg-security] use methodnoallow middleware
2019-03-24 10:22:50,551 INFO 7824 [egg-security] use noopen middleware
2019-03-24 10:22:50,553 INFO 7824 [egg-security] use nosniff middleware
2019-03-24 10:22:50,553 INFO 7824 [egg-security] use xssProtection middleware
2019-03-24 10:22:50,554 INFO 7824 [egg-security] use xframe middleware
2019-03-24 10:22:50,554 INFO 7824 [egg-security] use dta middleware
2019-03-24 10:22:50,555 INFO 7824 [egg-security] compose 7 middlewares into one security middleware
2019-03-24 10:22:50,577 INFO 7824 [egg:core] dump config after load, 6ms
2019-03-24 10:22:50,594 INFO 7824 [egg-watcher:application] watcher start success
2019-03-24 10:22:50,603 INFO 7824 [egg:core] dump config after ready, 7ms
2019-03-24 10:26:04,743 INFO 5076 [egg:logger] init all loggers with options: {"dir":"G:\\with-dva\\logs\\beidou-example-with-dva","encoding":"utf8","env":"local","level":"INFO","consoleLevel":"INFO","disableConsoleAfterReady":false,"outputJSON":false,"buffer":true,"appLogName":"beidou-example-with-dva-web.log","coreLogName":"egg-web.log","agentLogName":"egg-agent.log","errorLogName":"common-error.log","coreLogger":{"consoleLevel":"WARN"},"allowDebugAtProd":false,"type":"application"}
2019-03-24 10:26:04,789 INFO 5076 [egg-multipart] stream mode enable
2019-03-24 10:26:04,926 INFO 5076 [egg-static] starting static serve /public/ -> G:\with-dva\app\public
2019-03-24 10:26:04,931 INFO 5076 [egg-security] use csrf middleware
2019-03-24 10:26:04,933 INFO 5076 [egg-security] use methodnoallow middleware
2019-03-24 10:26:04,934 INFO 5076 [egg-security] use noopen middleware
2019-03-24 10:26:04,937 INFO 5076 [egg-security] use nosniff middleware
2019-03-24 10:26:04,938 INFO 5076 [egg-security] use xssProtection middleware
2019-03-24 10:26:04,938 INFO 5076 [egg-security] use xframe middleware
2019-03-24 10:26:04,939 INFO 5076 [egg-security] use dta middleware
2019-03-24 10:26:04,939 INFO 5076 [egg-security] compose 7 middlewares into one security middleware
2019-03-24 10:26:04,969 INFO 5076 [egg:core] dump config after load, 7ms
2019-03-24 10:26:04,986 INFO 5076 [egg-watcher:application] watcher start success
2019-03-24 10:26:04,995 INFO 5076 [egg:core] dump config after ready, 7ms
2019-03-24 10:42:27,198 INFO 1800 [egg:logger] init all loggers with options: {"dir":"G:\\with-dva\\logs\\beidou-example-with-dva","encoding":"utf8","env":"local","level":"INFO","consoleLevel":"INFO","disableConsoleAfterReady":false,"outputJSON":false,"buffer":true,"appLogName":"beidou-example-with-dva-web.log","coreLogName":"egg-web.log","agentLogName":"egg-agent.log","errorLogName":"common-error.log","coreLogger":{"consoleLevel":"WARN"},"allowDebugAtProd":false,"type":"application"}
2019-03-24 10:42:27,262 INFO 1800 [egg-multipart] stream mode enable
2019-03-24 10:42:27,450 INFO 1800 [egg-static] starting static serve /public/ -> G:\with-dva\app\public
2019-03-24 10:42:27,455 INFO 1800 [egg-security] use csrf middleware
2019-03-24 10:42:27,457 INFO 1800 [egg-security] use methodnoallow middleware
2019-03-24 10:42:27,458 INFO 1800 [egg-security] use noopen middleware
2019-03-24 10:42:27,460 INFO 1800 [egg-security] use nosniff middleware
2019-03-24 10:42:27,461 INFO 1800 [egg-security] use xssProtection middleware
2019-03-24 10:42:27,461 INFO 1800 [egg-security] use xframe middleware
2019-03-24 10:42:27,462 INFO 1800 [egg-security] use dta middleware
2019-03-24 10:42:27,462 INFO 1800 [egg-security] compose 7 middlewares into one security middleware
2019-03-24 10:42:27,491 INFO 1800 [egg:core] dump config after load, 10ms
2019-03-24 10:42:28,244 INFO 1800 [egg-watcher:application] watcher start success
2019-03-24 10:42:28,256 INFO 1800 [egg:core] dump config after ready, 10ms
2019-03-24 10:50:13,369 INFO 6376 [egg:logger] init all loggers with options: {"dir":"G:\\with-dva\\logs\\beidou-example-with-dva","encoding":"utf8","env":"local","level":"INFO","consoleLevel":"INFO","disableConsoleAfterReady":false,"outputJSON":false,"buffer":true,"appLogName":"beidou-example-with-dva-web.log","coreLogName":"egg-web.log","agentLogName":"egg-agent.log","errorLogName":"common-error.log","coreLogger":{"consoleLevel":"WARN"},"allowDebugAtProd":false,"type":"application"}
2019-03-24 10:50:13,441 INFO 6376 [egg-multipart] stream mode enable
2019-03-24 10:50:13,584 INFO 6376 [egg-static] starting static serve /public/ -> G:\with-dva\app\public
2019-03-24 10:50:13,588 INFO 6376 [egg-security] use csrf middleware
2019-03-24 10:50:13,591 INFO 6376 [egg-security] use methodnoallow middleware
2019-03-24 10:50:13,591 INFO 6376 [egg-security] use noopen middleware
2019-03-24 10:50:13,594 INFO 6376 [egg-security] use nosniff middleware
2019-03-24 10:50:13,595 INFO 6376 [egg-security] use xssProtection middleware
2019-03-24 10:50:13,596 INFO 6376 [egg-security] use xframe middleware
2019-03-24 10:50:13,596 INFO 6376 [egg-security] use dta middleware
2019-03-24 10:50:13,596 INFO 6376 [egg-security] compose 7 middlewares into one security middleware
2019-03-24 10:50:13,633 INFO 6376 [egg:core] dump config after load, 9ms
2019-03-24 10:50:13,695 INFO 6376 [egg-watcher:application] watcher start success
2019-03-24 10:50:13,707 INFO 6376 [egg:core] dump config after ready, 8ms
2019-03-24 10:51:08,680 INFO 6784 [egg:logger] init all loggers with options: {"dir":"G:\\with-dva\\logs\\beidou-example-with-dva","encoding":"utf8","env":"local","level":"INFO","consoleLevel":"INFO","disableConsoleAfterReady":false,"outputJSON":false,"buffer":true,"appLogName":"beidou-example-with-dva-web.log","coreLogName":"egg-web.log","agentLogName":"egg-agent.log","errorLogName":"common-error.log","coreLogger":{"consoleLevel":"WARN"},"allowDebugAtProd":false,"type":"application"}
2019-03-24 10:51:08,747 INFO 6784 [egg-multipart] stream mode enable
2019-03-24 10:51:08,871 INFO 6784 [egg-static] starting static serve /public/ -> G:\with-dva\app\public
2019-03-24 10:51:08,875 INFO 6784 [egg-security] use csrf middleware
2019-03-24 10:51:08,877 INFO 6784 [egg-security] use methodnoallow middleware
2019-03-24 10:51:08,878 INFO 6784 [egg-security] use noopen middleware
2019-03-24 10:51:08,880 INFO 6784 [egg-security] use nosniff middleware
2019-03-24 10:51:08,880 INFO 6784 [egg-security] use xssProtection middleware
2019-03-24 10:51:08,881 INFO 6784 [egg-security] use xframe middleware
2019-03-24 10:51:08,882 INFO 6784 [egg-security] use dta middleware
2019-03-24 10:51:08,882 INFO 6784 [egg-security] compose 7 middlewares into one security middleware
2019-03-24 10:51:08,991 INFO 6784 [egg:core] dump config after load, 11ms
2019-03-24 10:51:09,016 INFO 6784 [egg-watcher:application] watcher start success
2019-03-24 10:51:09,034 INFO 6784 [egg:core] dump config after ready, 15ms
2019-03-24 10:55:05,392 INFO 1784 [egg:logger] init all loggers with options: {"dir":"G:\\with-dva\\logs\\beidou-example-with-dva","encoding":"utf8","env":"local","level":"INFO","consoleLevel":"INFO","disableConsoleAfterReady":false,"outputJSON":false,"buffer":true,"appLogName":"beidou-example-with-dva-web.log","coreLogName":"egg-web.log","agentLogName":"egg-agent.log","errorLogName":"common-error.log","coreLogger":{"consoleLevel":"WARN"},"allowDebugAtProd":false,"type":"application"}
2019-03-24 10:55:05,440 INFO 1784 [egg-multipart] stream mode enable
2019-03-24 10:55:05,570 INFO 1784 [egg-static] starting static serve /public/ -> G:\with-dva\app\public
2019-03-24 10:55:05,575 INFO 1784 [egg-security] use csrf middleware
2019-03-24 10:55:05,577 INFO 1784 [egg-security] use methodnoallow middleware
2019-03-24 10:55:05,578 INFO 1784 [egg-security] use noopen middleware
2019-03-24 10:55:05,580 INFO 1784 [egg-security] use nosniff middleware
2019-03-24 10:55:05,581 INFO 1784 [egg-security] use xssProtection middleware
2019-03-24 10:55:05,581 INFO 1784 [egg-security] use xframe middleware
2019-03-24 10:55:05,582 INFO 1784 [egg-security] use dta middleware
2019-03-24 10:55:05,582 INFO 1784 [egg-security] compose 7 middlewares into one security middleware
2019-03-24 10:55:05,714 INFO 1784 [egg:core] dump config after load, 6ms
2019-03-24 10:55:05,729 INFO 1784 [egg-watcher:application] watcher start success
2019-03-24 10:55:05,742 INFO 1784 [egg:core] dump config after ready, 11ms
2019-03-24 10:56:38,041 INFO 7300 [egg:logger] init all loggers with options: {"dir":"G:\\with-dva\\logs\\beidou-example-with-dva","encoding":"utf8","env":"local","level":"INFO","consoleLevel":"INFO","disableConsoleAfterReady":false,"outputJSON":false,"buffer":true,"appLogName":"beidou-example-with-dva-web.log","coreLogName":"egg-web.log","agentLogName":"egg-agent.log","errorLogName":"common-error.log","coreLogger":{"consoleLevel":"WARN"},"allowDebugAtProd":false,"type":"application"}
2019-03-24 10:56:38,084 INFO 7300 [egg-multipart] stream mode enable
2019-03-24 10:56:38,204 INFO 7300 [egg-static] starting static serve /public/ -> G:\with-dva\app\public
2019-03-24 10:56:38,208 INFO 7300 [egg-security] use csrf middleware
2019-03-24 10:56:38,209 INFO 7300 [egg-security] use methodnoallow middleware
2019-03-24 10:56:38,210 INFO 7300 [egg-security] use noopen middleware
2019-03-24 10:56:38,211 INFO 7300 [egg-security] use nosniff middleware
2019-03-24 10:56:38,212 INFO 7300 [egg-security] use xssProtection middleware
2019-03-24 10:56:38,212 INFO 7300 [egg-security] use xframe middleware
2019-03-24 10:56:38,213 INFO 7300 [egg-security] use dta middleware
2019-03-24 10:56:38,213 INFO 7300 [egg-security] compose 7 middlewares into one security middleware
2019-03-24 10:56:38,253 INFO 7300 [egg:core] dump config after load, 7ms
2019-03-24 10:56:38,273 INFO 7300 [egg-watcher:application] watcher start success
2019-03-24 10:56:38,292 INFO 7300 [egg:core] dump config after ready, 15ms
2019-03-24 10:57:18,783 INFO 8796 [egg:logger] init all loggers with options: {"dir":"G:\\with-dva\\logs\\beidou-example-with-dva","encoding":"utf8","env":"local","level":"INFO","consoleLevel":"INFO","disableConsoleAfterReady":false,"outputJSON":false,"buffer":true,"appLogName":"beidou-example-with-dva-web.log","coreLogName":"egg-web.log","agentLogName":"egg-agent.log","errorLogName":"common-error.log","coreLogger":{"consoleLevel":"WARN"},"allowDebugAtProd":false,"type":"application"}
2019-03-24 10:57:18,784 INFO 8796 [egg:core] dump config after load, 13ms
2019-03-24 10:57:20,014 INFO 8796 [egg:core] dump config after ready, 6ms
2019-03-24 10:58:34,692 INFO 7524 [egg:logger] init all loggers with options: {"dir":"G:\\with-dva\\logs\\beidou-example-with-dva","encoding":"utf8","env":"local","level":"INFO","consoleLevel":"INFO","disableConsoleAfterReady":false,"outputJSON":false,"buffer":true,"appLogName":"beidou-example-with-dva-web.log","coreLogName":"egg-web.log","agentLogName":"egg-agent.log","errorLogName":"common-error.log","coreLogger":{"consoleLevel":"WARN"},"allowDebugAtProd":false,"type":"application"}
2019-03-24 10:58:34,692 INFO 7524 [egg:core] dump config after load, 20ms
2019-03-24 10:58:35,912 INFO 7524 [egg:core] dump config after ready, 8ms
2019-03-24 11:09:34,177 INFO 7392 [egg:logger] init all loggers with options: {"dir":"G:\\with-dva\\logs\\beidou-example-with-dva","encoding":"utf8","env":"local","level":"INFO","consoleLevel":"INFO","disableConsoleAfterReady":false,"outputJSON":false,"buffer":true,"appLogName":"beidou-example-with-dva-web.log","coreLogName":"egg-web.log","agentLogName":"egg-agent.log","errorLogName":"common-error.log","coreLogger":{"consoleLevel":"WARN"},"allowDebugAtProd":false,"type":"application"}
2019-03-24 11:09:34,234 INFO 7392 [egg-multipart] stream mode enable
2019-03-24 11:09:34,380 INFO 7392 [egg-static] starting static serve /public/ -> G:\with-dva\app\public
2019-03-24 11:09:34,384 INFO 7392 [egg-security] use csrf middleware
2019-03-24 11:09:34,386 INFO 7392 [egg-security] use methodnoallow middleware
2019-03-24 11:09:34,387 INFO 7392 [egg-security] use noopen middleware
2019-03-24 11:09:34,389 INFO 7392 [egg-security] use nosniff middleware
2019-03-24 11:09:34,390 INFO 7392 [egg-security] use xssProtection middleware
2019-03-24 11:09:34,391 INFO 7392 [egg-security] use xframe middleware
2019-03-24 11:09:34,392 INFO 7392 [egg-security] use dta middleware
2019-03-24 11:09:34,392 INFO 7392 [egg-security] compose 7 middlewares into one security middleware
2019-03-24 11:09:34,441 INFO 7392 [egg:core] dump config after load, 9ms
2019-03-24 11:09:34,560 INFO 7392 [egg-watcher:application] watcher start success
2019-03-24 11:09:34,569 INFO 7392 [egg:core] dump config after ready, 7ms
2019-03-24 11:12:17,268 INFO 1656 [egg:logger] init all loggers with options: {"dir":"G:\\with-dva\\logs\\beidou-example-with-dva","encoding":"utf8","env":"local","level":"INFO","consoleLevel":"INFO","disableConsoleAfterReady":false,"outputJSON":false,"buffer":true,"appLogName":"beidou-example-with-dva-web.log","coreLogName":"egg-web.log","agentLogName":"egg-agent.log","errorLogName":"common-error.log","coreLogger":{"consoleLevel":"WARN"},"allowDebugAtProd":false,"type":"application"}
2019-03-24 11:12:17,329 INFO 1656 [egg-multipart] stream mode enable
2019-03-24 11:12:17,490 INFO 1656 [egg-static] starting static serve /public/ -> G:\with-dva\app\public
2019-03-24 11:12:17,494 INFO 1656 [egg-security] use csrf middleware
2019-03-24 11:12:17,497 INFO 1656 [egg-security] use methodnoallow middleware
2019-03-24 11:12:17,498 INFO 1656 [egg-security] use noopen middleware
2019-03-24 11:12:17,499 INFO 1656 [egg-security] use nosniff middleware
2019-03-24 11:12:17,500 INFO 1656 [egg-security] use xssProtection middleware
2019-03-24 11:12:17,501 INFO 1656 [egg-security] use xframe middleware
2019-03-24 11:12:17,501 INFO 1656 [egg-security] use dta middleware
2019-03-24 11:12:17,501 INFO 1656 [egg-security] compose 7 middlewares into one security middleware
2019-03-24 11:12:17,546 INFO 1656 [egg:core] dump config after load, 9ms
2019-03-24 11:12:17,574 INFO 1656 [egg-watcher:application] watcher start success
2019-03-24 11:12:17,587 INFO 1656 [egg:core] dump config after ready, 10ms
2019-03-24 11:14:18,026 INFO 6860 [egg:logger] init all loggers with options: {"dir":"G:\\with-dva\\logs\\beidou-example-with-dva","encoding":"utf8","env":"local","level":"INFO","consoleLevel":"INFO","disableConsoleAfterReady":false,"outputJSON":false,"buffer":true,"appLogName":"beidou-example-with-dva-web.log","coreLogName":"egg-web.log","agentLogName":"egg-agent.log","errorLogName":"common-error.log","coreLogger":{"consoleLevel":"WARN"},"allowDebugAtProd":false,"type":"application"}
2019-03-24 11:14:18,069 INFO 6860 [egg-multipart] stream mode enable
2019-03-24 11:14:18,204 INFO 6860 [egg-static] starting static serve /public/ -> G:\with-dva\app\public
2019-03-24 11:14:18,208 INFO 6860 [egg-security] use csrf middleware
2019-03-24 11:14:18,211 INFO 6860 [egg-security] use methodnoallow middleware
2019-03-24 11:14:18,211 INFO 6860 [egg-security] use noopen middleware
2019-03-24 11:14:18,214 INFO 6860 [egg-security] use nosniff middleware
2019-03-24 11:14:18,214 INFO 6860 [egg-security] use xssProtection middleware
2019-03-24 11:14:18,215 INFO 6860 [egg-security] use xframe middleware
2019-03-24 11:14:18,216 INFO 6860 [egg-security] use dta middleware
2019-03-24 11:14:18,216 INFO 6860 [egg-security] compose 7 middlewares into one security middleware
2019-03-24 11:14:18,259 INFO 6860 [egg:core] dump config after load, 7ms
2019-03-24 11:14:18,295 INFO 6860 [egg-watcher:application] watcher start success
2019-03-24 11:14:18,306 INFO 6860 [egg:core] dump config after ready, 9ms
2019-03-24 11:20:47,492 INFO 8228 [egg:logger] init all loggers with options: {"dir":"G:\\with-dva\\logs\\beidou-example-with-dva","encoding":"utf8","env":"local","level":"INFO","consoleLevel":"INFO","disableConsoleAfterReady":false,"outputJSON":false,"buffer":true,"appLogName":"beidou-example-with-dva-web.log","coreLogName":"egg-web.log","agentLogName":"egg-agent.log","errorLogName":"common-error.log","coreLogger":{"consoleLevel":"WARN"},"allowDebugAtProd":false,"type":"application"}
2019-03-24 11:20:47,542 INFO 8228 [egg-multipart] stream mode enable
2019-03-24 11:20:47,681 INFO 8228 [egg-static] starting static serve /public/ -> G:\with-dva\app\public
2019-03-24 11:20:47,686 INFO 8228 [egg-security] use csrf middleware
2019-03-24 11:20:47,688 INFO 8228 [egg-security] use methodnoallow middleware
2019-03-24 11:20:47,689 INFO 8228 [egg-security] use noopen middleware
2019-03-24 11:20:47,691 INFO 8228 [egg-security] use nosniff middleware
2019-03-24 11:20:47,691 INFO 8228 [egg-security] use xssProtection middleware
2019-03-24 11:20:47,692 INFO 8228 [egg-security] use xframe middleware
2019-03-24 11:20:47,693 INFO 8228 [egg-security] use dta middleware
2019-03-24 11:20:47,693 INFO 8228 [egg-security] compose 7 middlewares into one security middleware
2019-03-24 11:20:47,734 INFO 8228 [egg:core] dump config after load, 9ms
2019-03-24 11:20:47,773 INFO 8228 [egg-watcher:application] watcher start success
2019-03-24 11:20:47,785 INFO 8228 [egg:core] dump config after ready, 9ms
2019-03-24 11:25:03,795 INFO 6312 [egg:logger] init all loggers with options: {"dir":"G:\\with-dva\\logs\\beidou-example-with-dva","encoding":"utf8","env":"local","level":"INFO","consoleLevel":"INFO","disableConsoleAfterReady":false,"outputJSON":false,"buffer":true,"appLogName":"beidou-example-with-dva-web.log","coreLogName":"egg-web.log","agentLogName":"egg-agent.log","errorLogName":"common-error.log","coreLogger":{"consoleLevel":"WARN"},"allowDebugAtProd":false,"type":"application"}
2019-03-24 11:25:03,844 INFO 6312 [egg-multipart] stream mode enable
2019-03-24 11:25:03,975 INFO 6312 [egg-static] starting static serve /public/ -> G:\with-dva\app\public
2019-03-24 11:25:03,979 INFO 6312 [egg-security] use csrf middleware
2019-03-24 11:25:03,981 INFO 6312 [egg-security] use methodnoallow middleware
2019-03-24 11:25:03,981 INFO 6312 [egg-security] use noopen middleware
2019-03-24 11:25:03,983 INFO 6312 [egg-security] use nosniff middleware
2019-03-24 11:25:03,984 INFO 6312 [egg-security] use xssProtection middleware
2019-03-24 11:25:03,984 INFO 6312 [egg-security] use xframe middleware
2019-03-24 11:25:03,985 INFO 6312 [egg-security] use dta middleware
2019-03-24 11:25:03,985 INFO 6312 [egg-security] compose 7 middlewares into one security middleware
2019-03-24 11:25:04,024 INFO 6312 [egg:core] dump config after load, 7ms
2019-03-24 11:25:04,077 INFO 6312 [egg-watcher:application] watcher start success
2019-03-24 11:25:04,086 INFO 6312 [egg:core] dump config after ready, 7ms
2019-03-24 11:26:08,975 INFO 5832 [egg:logger] init all loggers with options: {"dir":"G:\\with-dva\\logs\\beidou-example-with-dva","encoding":"utf8","env":"local","level":"INFO","consoleLevel":"INFO","disableConsoleAfterReady":false,"outputJSON":false,"buffer":true,"appLogName":"beidou-example-with-dva-web.log","coreLogName":"egg-web.log","agentLogName":"egg-agent.log","errorLogName":"common-error.log","coreLogger":{"consoleLevel":"WARN"},"allowDebugAtProd":false,"type":"application"}
2019-03-24 11:26:09,029 INFO 5832 [egg-multipart] stream mode enable
2019-03-24 11:26:09,173 INFO 5832 [egg-static] starting static serve /public/ -> G:\with-dva\app\public
2019-03-24 11:26:09,178 INFO 5832 [egg-security] use csrf middleware
2019-03-24 11:26:09,181 INFO 5832 [egg-security] use methodnoallow middleware
2019-03-24 11:26:09,181 INFO 5832 [egg-security] use noopen middleware
2019-03-24 11:26:09,183 INFO 5832 [egg-security] use nosniff middleware
2019-03-24 11:26:09,184 INFO 5832 [egg-security] use xssProtection middleware
2019-03-24 11:26:09,184 INFO 5832 [egg-security] use xframe middleware
2019-03-24 11:26:09,185 INFO 5832 [egg-security] use dta middleware
2019-03-24 11:26:09,185 INFO 5832 [egg-security] compose 7 middlewares into one security middleware
2019-03-24 11:26:09,253 INFO 5832 [egg:core] dump config after load, 8ms
2019-03-24 11:26:09,336 INFO 5832 [egg-watcher:application] watcher start success
2019-03-24 11:26:09,348 INFO 5832 [egg:core] dump config after ready, 9ms
2019-03-24 11:27:34,103 INFO 7244 [egg:logger] init all loggers with options: {"dir":"G:\\with-dva\\logs\\beidou-example-with-dva","encoding":"utf8","env":"local","level":"INFO","consoleLevel":"INFO","disableConsoleAfterReady":false,"outputJSON":false,"buffer":true,"appLogName":"beidou-example-with-dva-web.log","coreLogName":"egg-web.log","agentLogName":"egg-agent.log","errorLogName":"common-error.log","coreLogger":{"consoleLevel":"WARN"},"allowDebugAtProd":false,"type":"application"}
2019-03-24 11:27:34,163 INFO 7244 [egg-multipart] stream mode enable
2019-03-24 11:27:34,313 INFO 7244 [egg-static] starting static serve /public/ -> G:\with-dva\app\public
2019-03-24 11:27:34,318 INFO 7244 [egg-security] use csrf middleware
2019-03-24 11:27:34,320 INFO 7244 [egg-security] use methodnoallow middleware
2019-03-24 11:27:34,320 INFO 7244 [egg-security] use noopen middleware
2019-03-24 11:27:34,322 INFO 7244 [egg-security] use nosniff middleware
2019-03-24 11:27:34,323 INFO 7244 [egg-security] use xssProtection middleware
2019-03-24 11:27:34,324 INFO 7244 [egg-security] use xframe middleware
2019-03-24 11:27:34,324 INFO 7244 [egg-security] use dta middleware
2019-03-24 11:27:34,324 INFO 7244 [egg-security] compose 7 middlewares into one security middleware
2019-03-24 11:27:34,361 INFO 7244 [egg:core] dump config after load, 8ms
2019-03-24 11:27:34,400 INFO 7244 [egg-watcher:application] watcher start success
2019-03-24 11:27:34,410 INFO 7244 [egg:core] dump config after ready, 8ms
2019-03-24 11:29:14,631 INFO 8888 [egg:logger] init all loggers with options: {"dir":"G:\\with-dva\\logs\\beidou-example-with-dva","encoding":"utf8","env":"local","level":"INFO","consoleLevel":"INFO","disableConsoleAfterReady":false,"outputJSON":false,"buffer":true,"appLogName":"beidou-example-with-dva-web.log","coreLogName":"egg-web.log","agentLogName":"egg-agent.log","errorLogName":"common-error.log","coreLogger":{"consoleLevel":"WARN"},"allowDebugAtProd":false,"type":"application"}
2019-03-24 11:29:14,676 INFO 8888 [egg-multipart] stream mode enable
2019-03-24 11:29:14,807 INFO 8888 [egg-static] starting static serve /public/ -> G:\with-dva\app\public
2019-03-24 11:29:14,812 INFO 8888 [egg-security] use csrf middleware
2019-03-24 11:29:14,815 INFO 8888 [egg-security] use methodnoallow middleware
2019-03-24 11:29:14,816 INFO 8888 [egg-security] use noopen middleware
2019-03-24 11:29:14,818 INFO 8888 [egg-security] use nosniff middleware
2019-03-24 11:29:14,819 INFO 8888 [egg-security] use xssProtection middleware
2019-03-24 11:29:14,819 INFO 8888 [egg-security] use xframe middleware
2019-03-24 11:29:14,820 INFO 8888 [egg-security] use dta middleware
2019-03-24 11:29:14,820 INFO 8888 [egg-security] compose 7 middlewares into one security middleware
2019-03-24 11:29:14,894 INFO 8888 [egg:core] dump config after load, 12ms
2019-03-24 11:29:15,047 INFO 8888 [egg-watcher:application] watcher start success
2019-03-24 11:29:15,055 INFO 8888 [egg:core] dump config after ready, 6ms
2019-03-24 11:33:22,670 INFO 6240 [egg:logger] init all loggers with options: {"dir":"G:\\with-dva\\logs\\beidou-example-with-dva","encoding":"utf8","env":"local","level":"INFO","consoleLevel":"INFO","disableConsoleAfterReady":false,"outputJSON":false,"buffer":true,"appLogName":"beidou-example-with-dva-web.log","coreLogName":"egg-web.log","agentLogName":"egg-agent.log","errorLogName":"common-error.log","coreLogger":{"consoleLevel":"WARN"},"allowDebugAtProd":false,"type":"application"}
2019-03-24 11:33:22,723 INFO 6240 [egg-multipart] stream mode enable
2019-03-24 11:33:22,838 INFO 6240 [egg-static] starting static serve /public/ -> G:\with-dva\app\public
2019-03-24 11:33:22,842 INFO 6240 [egg-security] use csrf middleware
2019-03-24 11:33:22,844 INFO 6240 [egg-security] use methodnoallow middleware
2019-03-24 11:33:22,845 INFO 6240 [egg-security] use noopen middleware
2019-03-24 11:33:22,847 INFO 6240 [egg-security] use nosniff middleware
2019-03-24 11:33:22,848 INFO 6240 [egg-security] use xssProtection middleware
2019-03-24 11:33:22,848 INFO 6240 [egg-security] use xframe middleware
2019-03-24 11:33:22,849 INFO 6240 [egg-security] use dta middleware
2019-03-24 11:33:22,849 INFO 6240 [egg-security] compose 7 middlewares into one security middleware
2019-03-24 11:33:22,883 INFO 6240 [egg:core] dump config after load, 7ms
2019-03-24 11:33:22,903 INFO 6240 [egg-watcher:application] watcher start success
2019-03-24 11:33:22,915 INFO 6240 [egg:core] dump config after ready, 9ms
2019-03-24 11:36:39,986 INFO 8436 [egg:logger] init all loggers with options: {"dir":"G:\\with-dva\\logs\\beidou-example-with-dva","encoding":"utf8","env":"local","level":"INFO","consoleLevel":"INFO","disableConsoleAfterReady":false,"outputJSON":false,"buffer":true,"appLogName":"beidou-example-with-dva-web.log","coreLogName":"egg-web.log","agentLogName":"egg-agent.log","errorLogName":"common-error.log","coreLogger":{"consoleLevel":"WARN"},"allowDebugAtProd":false,"type":"application"}
2019-03-24 11:36:40,048 INFO 8436 [egg-multipart] stream mode enable
2019-03-24 11:36:40,218 INFO 8436 [egg-static] starting static serve /public/ -> G:\with-dva\app\public
2019-03-24 11:36:40,224 INFO 8436 [egg-security] use csrf middleware
2019-03-24 11:36:40,232 INFO 8436 [egg-security] use methodnoallow middleware
2019-03-24 11:36:40,233 INFO 8436 [egg-security] use noopen middleware
2019-03-24 11:36:40,236 INFO 8436 [egg-security] use nosniff middleware
2019-03-24 11:36:40,236 INFO 8436 [egg-security] use xssProtection middleware
2019-03-24 11:36:40,237 INFO 8436 [egg-security] use xframe middleware
2019-03-24 11:36:40,238 INFO 8436 [egg-security] use dta middleware
2019-03-24 11:36:40,238 INFO 8436 [egg-security] compose 7 middlewares into one security middleware
2019-03-24 11:36:40,291 INFO 8436 [egg:core] dump config after load, 14ms
2019-03-24 11:36:40,854 INFO 8436 [egg-watcher:application] watcher start success
2019-03-24 11:36:40,866 INFO 8436 [egg:core] dump config after ready, 10ms
2019-03-24 11:53:37,682 INFO 9888 [egg:logger] init all loggers with options: {"dir":"G:\\with-dva\\logs\\beidou-example-with-dva","encoding":"utf8","env":"local","level":"INFO","consoleLevel":"INFO","disableConsoleAfterReady":false,"outputJSON":false,"buffer":true,"appLogName":"beidou-example-with-dva-web.log","coreLogName":"egg-web.log","agentLogName":"egg-agent.log","errorLogName":"common-error.log","coreLogger":{"consoleLevel":"WARN"},"allowDebugAtProd":false,"type":"application"}
2019-03-24 11:53:37,726 INFO 9888 [egg-multipart] stream mode enable
2019-03-24 11:53:37,871 INFO 9888 [egg-static] starting static serve /public/ -> G:\with-dva\app\public
2019-03-24 11:53:37,876 INFO 9888 [egg-security] use csrf middleware
2019-03-24 11:53:37,878 INFO 9888 [egg-security] use methodnoallow middleware
2019-03-24 11:53:37,879 INFO 9888 [egg-security] use noopen middleware
2019-03-24 11:53:37,881 INFO 9888 [egg-security] use nosniff middleware
2019-03-24 11:53:37,882 INFO 9888 [egg-security] use xssProtection middleware
2019-03-24 11:53:37,882 INFO 9888 [egg-security] use xframe middleware
2019-03-24 11:53:37,883 INFO 9888 [egg-security] use dta middleware
2019-03-24 11:53:37,883 INFO 9888 [egg-security] compose 7 middlewares into one security middleware
2019-03-24 11:53:37,930 INFO 9888 [egg:core] dump config after load, 10ms
2019-03-24 11:53:37,962 INFO 9888 [egg-watcher:application] watcher start success
2019-03-24 11:53:37,973 INFO 9888 [egg:core] dump config after ready, 9ms
2019-03-24 15:23:49,349 INFO 9036 [egg:logger] init all loggers with options: {"dir":"G:\\with-dva\\logs\\beidou-example-with-dva","encoding":"utf8","env":"local","level":"INFO","consoleLevel":"INFO","disableConsoleAfterReady":false,"outputJSON":false,"buffer":true,"appLogName":"beidou-example-with-dva-web.log","coreLogName":"egg-web.log","agentLogName":"egg-agent.log","errorLogName":"common-error.log","coreLogger":{"consoleLevel":"WARN"},"allowDebugAtProd":false,"type":"application"}
2019-03-24 15:23:49,391 INFO 9036 [egg-multipart] stream mode enable
2019-03-24 15:23:49,511 INFO 9036 [egg-static] starting static serve /public/ -> G:\with-dva\app\public
2019-03-24 15:23:49,515 INFO 9036 [egg-security] use csrf middleware
2019-03-24 15:23:49,517 INFO 9036 [egg-security] use methodnoallow middleware
2019-03-24 15:23:49,517 INFO 9036 [egg-security] use noopen middleware
2019-03-24 15:23:49,519 INFO 9036 [egg-security] use nosniff middleware
2019-03-24 15:23:49,520 INFO 9036 [egg-security] use xssProtection middleware
2019-03-24 15:23:49,520 INFO 9036 [egg-security] use xframe middleware
2019-03-24 15:23:49,521 INFO 9036 [egg-security] use dta middleware
2019-03-24 15:23:49,521 INFO 9036 [egg-security] compose 7 middlewares into one security middleware
2019-03-24 15:23:49,558 INFO 9036 [egg:core] dump config after load, 8ms
2019-03-24 15:23:49,579 INFO 9036 [egg-watcher:application] watcher start success
2019-03-24 15:23:49,587 INFO 9036 [egg:core] dump config after ready, 6ms
2019-03-24 15:24:06,564 INFO 9672 [egg:logger] init all loggers with options: {"dir":"G:\\with-dva\\logs\\beidou-example-with-dva","encoding":"utf8","env":"local","level":"INFO","consoleLevel":"INFO","disableConsoleAfterReady":false,"outputJSON":false,"buffer":true,"appLogName":"beidou-example-with-dva-web.log","coreLogName":"egg-web.log","agentLogName":"egg-agent.log","errorLogName":"common-error.log","coreLogger":{"consoleLevel":"WARN"},"allowDebugAtProd":false,"type":"application"}
2019-03-24 15:24:06,614 INFO 9672 [egg-multipart] stream mode enable
2019-03-24 15:24:06,746 INFO 9672 [egg-static] starting static serve /public/ -> G:\with-dva\app\public
2019-03-24 15:24:06,750 INFO 9672 [egg-security] use csrf middleware
2019-03-24 15:24:06,752 INFO 9672 [egg-security] use methodnoallow middleware
2019-03-24 15:24:06,752 INFO 9672 [egg-security] use noopen middleware
2019-03-24 15:24:06,754 INFO 9672 [egg-security] use nosniff middleware
2019-03-24 15:24:06,755 INFO 9672 [egg-security] use xssProtection middleware
2019-03-24 15:24:06,755 INFO 9672 [egg-security] use xframe middleware
2019-03-24 15:24:06,756 INFO 9672 [egg-security] use dta middleware
2019-03-24 15:24:06,756 INFO 9672 [egg-security] compose 7 middlewares into one security middleware
2019-03-24 15:24:06,875 INFO 9672 [egg:core] dump config after load, 11ms
2019-03-24 15:24:06,896 INFO 9672 [egg-watcher:application] watcher start success
2019-03-24 15:24:06,909 INFO 9672 [egg:core] dump config after ready, 9ms
2019-03-24 15:31:39,349 INFO 9640 [egg:logger] init all loggers with options: {"dir":"G:\\with-dva\\logs\\beidou-example-with-dva","encoding":"utf8","env":"local","level":"INFO","consoleLevel":"INFO","disableConsoleAfterReady":false,"outputJSON":false,"buffer":true,"appLogName":"beidou-example-with-dva-web.log","coreLogName":"egg-web.log","agentLogName":"egg-agent.log","errorLogName":"common-error.log","coreLogger":{"consoleLevel":"WARN"},"allowDebugAtProd":false,"type":"application"}
2019-03-24 15:31:39,404 INFO 9640 [egg-multipart] stream mode enable
2019-03-24 15:31:39,529 INFO 9640 [egg-static] starting static serve /public/ -> G:\with-dva\app\public
2019-03-24 15:31:39,534 INFO 9640 [egg-security] use csrf middleware
2019-03-24 15:31:39,536 INFO 9640 [egg-security] use methodnoallow middleware
2019-03-24 15:31:39,537 INFO 9640 [egg-security] use noopen middleware
2019-03-24 15:31:39,538 INFO 9640 [egg-security] use nosniff middleware
2019-03-24 15:31:39,539 INFO 9640 [egg-security] use xssProtection middleware
2019-03-24 15:31:39,540 INFO 9640 [egg-security] use xframe middleware
2019-03-24 15:31:39,540 INFO 9640 [egg-security] use dta middleware
2019-03-24 15:31:39,540 INFO 9640 [egg-security] compose 7 middlewares into one security middleware
2019-03-24 15:31:39,664 INFO 9640 [egg:core] dump config after load, 8ms
2019-03-24 15:31:39,687 INFO 9640 [egg-watcher:application] watcher start success
2019-03-24 15:31:39,697 INFO 9640 [egg:core] dump config after ready, 9ms
2019-03-24 15:32:18,788 INFO 9324 [egg:logger] init all loggers with options: {"dir":"G:\\with-dva\\logs\\beidou-example-with-dva","encoding":"utf8","env":"local","level":"INFO","consoleLevel":"INFO","disableConsoleAfterReady":false,"outputJSON":false,"buffer":true,"appLogName":"beidou-example-with-dva-web.log","coreLogName":"egg-web.log","agentLogName":"egg-agent.log","errorLogName":"common-error.log","coreLogger":{"consoleLevel":"WARN"},"allowDebugAtProd":false,"type":"application"}
2019-03-24 15:32:18,854 INFO 9324 [egg-multipart] stream mode enable
2019-03-24 15:32:18,999 INFO 9324 [egg-static] starting static serve /public/ -> G:\with-dva\app\public
2019-03-24 15:32:19,003 INFO 9324 [egg-security] use csrf middleware
2019-03-24 15:32:19,005 INFO 9324 [egg-security] use methodnoallow middleware
2019-03-24 15:32:19,005 INFO 9324 [egg-security] use noopen middleware
2019-03-24 15:32:19,007 INFO 9324 [egg-security] use nosniff middleware
2019-03-24 15:32:19,008 INFO 9324 [egg-security] use xssProtection middleware
2019-03-24 15:32:19,009 INFO 9324 [egg-security] use xframe middleware
2019-03-24 15:32:19,009 INFO 9324 [egg-security] use dta middleware
2019-03-24 15:32:19,010 INFO 9324 [egg-security] compose 7 middlewares into one security middleware
2019-03-24 15:32:19,052 INFO 9324 [egg:core] dump config after load, 9ms
2019-03-24 15:32:19,147 INFO 9324 [egg-watcher:application] watcher start success
2019-03-24 15:32:19,156 INFO 9324 [egg:core] dump config after ready, 7ms
2019-03-24 16:04:08,543 INFO 8676 [egg:logger] init all loggers with options: {"dir":"G:\\with-dva\\logs\\beidou-example-with-dva","encoding":"utf8","env":"local","level":"INFO","consoleLevel":"INFO","disableConsoleAfterReady":false,"outputJSON":false,"buffer":true,"appLogName":"beidou-example-with-dva-web.log","coreLogName":"egg-web.log","agentLogName":"egg-agent.log","errorLogName":"common-error.log","coreLogger":{"consoleLevel":"WARN"},"allowDebugAtProd":false,"type":"application"}
2019-03-24 16:04:08,588 INFO 8676 [egg-multipart] stream mode enable
2019-03-24 16:04:08,723 INFO 8676 [egg-static] starting static serve /public/ -> G:\with-dva\app\public
2019-03-24 16:04:08,731 INFO 8676 [egg-security] use csrf middleware
2019-03-24 16:04:08,733 INFO 8676 [egg-security] use methodnoallow middleware
2019-03-24 16:04:08,734 INFO 8676 [egg-security] use noopen middleware
2019-03-24 16:04:08,736 INFO 8676 [egg-security] use nosniff middleware
2019-03-24 16:04:08,737 INFO 8676 [egg-security] use xssProtection middleware
2019-03-24 16:04:08,737 INFO 8676 [egg-security] use xframe middleware
2019-03-24 16:04:08,738 INFO 8676 [egg-security] use dta middleware
2019-03-24 16:04:08,738 INFO 8676 [egg-security] compose 7 middlewares into one security middleware
2019-03-24 16:04:08,881 INFO 8676 [egg:core] dump config after load, 10ms
2019-03-24 16:04:08,905 INFO 8676 [egg-watcher:application] watcher start success
2019-03-24 16:04:08,916 INFO 8676 [egg:core] dump config after ready, 8ms
2019-03-24 16:31:09,524 INFO 10024 [egg:logger] init all loggers with options: {"dir":"G:\\with-dva\\logs\\beidou-example-with-dva","encoding":"utf8","env":"local","level":"INFO","consoleLevel":"INFO","disableConsoleAfterReady":false,"outputJSON":false,"buffer":true,"appLogName":"beidou-example-with-dva-web.log","coreLogName":"egg-web.log","agentLogName":"egg-agent.log","errorLogName":"common-error.log","coreLogger":{"consoleLevel":"WARN"},"allowDebugAtProd":false,"type":"application"}
2019-03-24 16:31:09,575 INFO 10024 [egg-multipart] stream mode enable
2019-03-24 16:31:09,720 INFO 10024 [egg-static] starting static serve /public/ -> G:\with-dva\app\public
2019-03-24 16:31:09,724 INFO 10024 [egg-security] use csrf middleware
2019-03-24 16:31:09,726 INFO 10024 [egg-security] use methodnoallow middleware
2019-03-24 16:31:09,727 INFO 10024 [egg-security] use noopen middleware
2019-03-24 16:31:09,728 INFO 10024 [egg-security] use nosniff middleware
2019-03-24 16:31:09,729 INFO 10024 [egg-security] use xssProtection middleware
2019-03-24 16:31:09,729 INFO 10024 [egg-security] use xframe middleware
2019-03-24 16:31:09,730 INFO 10024 [egg-security] use dta middleware
2019-03-24 16:31:09,730 INFO 10024 [egg-security] compose 7 middlewares into one security middleware
2019-03-24 16:31:09,780 INFO 10024 [egg:core] dump config after load, 12ms
2019-03-24 16:31:10,051 INFO 10024 [egg-watcher:application] watcher start success
2019-03-24 16:31:10,063 INFO 10024 [egg:core] dump config after ready, 10ms
2019-03-24 16:33:34,524 INFO 9876 [egg:logger] init all loggers with options: {"dir":"G:\\with-dva\\logs\\beidou-example-with-dva","encoding":"utf8","env":"local","level":"INFO","consoleLevel":"INFO","disableConsoleAfterReady":false,"outputJSON":false,"buffer":true,"appLogName":"beidou-example-with-dva-web.log","coreLogName":"egg-web.log","agentLogName":"egg-agent.log","errorLogName":"common-error.log","coreLogger":{"consoleLevel":"WARN"},"allowDebugAtProd":false,"type":"application"}
2019-03-24 16:33:34,567 INFO 9876 [egg-multipart] stream mode enable
2019-03-24 16:33:34,693 INFO 9876 [egg-static] starting static serve /public/ -> G:\with-dva\app\public
2019-03-24 16:33:34,696 INFO 9876 [egg-security] use methodnoallow middleware
2019-03-24 16:33:34,697 INFO 9876 [egg-security] use noopen middleware
2019-03-24 16:33:34,698 INFO 9876 [egg-security] use nosniff middleware
2019-03-24 16:33:34,699 INFO 9876 [egg-security] use xssProtection middleware
2019-03-24 16:33:34,699 INFO 9876 [egg-security] use xframe middleware
2019-03-24 16:33:34,700 INFO 9876 [egg-security] use dta middleware
2019-03-24 16:33:34,700 INFO 9876 [egg-security] compose 6 middlewares into one security middleware
2019-03-24 16:33:34,735 INFO 9876 [egg:core] dump config after load, 6ms
2019-03-24 16:33:34,751 INFO 9876 [egg-watcher:application] watcher start success
2019-03-24 16:33:34,764 INFO 9876 [egg:core] dump config after ready, 9ms
2019-03-24 16:33:55,404 INFO 3892 [egg:logger] init all loggers with options: {"dir":"G:\\with-dva\\logs\\beidou-example-with-dva","encoding":"utf8","env":"local","level":"INFO","consoleLevel":"INFO","disableConsoleAfterReady":false,"outputJSON":false,"buffer":true,"appLogName":"beidou-example-with-dva-web.log","coreLogName":"egg-web.log","agentLogName":"egg-agent.log","errorLogName":"common-error.log","coreLogger":{"consoleLevel":"WARN"},"allowDebugAtProd":false,"type":"application"}
2019-03-24 16:33:55,449 INFO 3892 [egg-multipart] stream mode enable
2019-03-24 16:33:55,589 INFO 3892 [egg-static] starting static serve /public/ -> G:\with-dva\app\public
2019-03-24 16:33:55,593 INFO 3892 [egg-security] use methodnoallow middleware
2019-03-24 16:33:55,593 INFO 3892 [egg-security] use noopen middleware
2019-03-24 16:33:55,595 INFO 3892 [egg-security] use nosniff middleware
2019-03-24 16:33:55,595 INFO 3892 [egg-security] use xssProtection middleware
2019-03-24 16:33:55,596 INFO 3892 [egg-security] use xframe middleware
2019-03-24 16:33:55,597 INFO 3892 [egg-security] use dta middleware
2019-03-24 16:33:55,597 INFO 3892 [egg-security] compose 6 middlewares into one security middleware
2019-03-24 16:33:55,636 INFO 3892 [egg:core] dump config after load, 7ms
2019-03-24 16:33:55,661 INFO 3892 [egg-watcher:application] watcher start success
2019-03-24 16:33:55,670 INFO 3892 [egg:core] dump config after ready, 6ms
2019-03-24 16:34:02,962 INFO 3292 [egg:logger] init all loggers with options: {"dir":"G:\\with-dva\\logs\\beidou-example-with-dva","encoding":"utf8","env":"local","level":"INFO","consoleLevel":"INFO","disableConsoleAfterReady":false,"outputJSON":false,"buffer":true,"appLogName":"beidou-example-with-dva-web.log","coreLogName":"egg-web.log","agentLogName":"egg-agent.log","errorLogName":"common-error.log","coreLogger":{"consoleLevel":"WARN"},"allowDebugAtProd":false,"type":"application"}
2019-03-24 16:34:03,010 INFO 3292 [egg-multipart] stream mode enable
2019-03-24 16:34:03,171 INFO 3292 [egg-static] starting static serve /public/ -> G:\with-dva\app\public
2019-03-24 16:34:03,177 INFO 3292 [egg-security] use methodnoallow middleware
2019-03-24 16:34:03,178 INFO 3292 [egg-security] use noopen middleware
2019-03-24 16:34:03,180 INFO 3292 [egg-security] use nosniff middleware
2019-03-24 16:34:03,181 INFO 3292 [egg-security] use xssProtection middleware
2019-03-24 16:34:03,181 INFO 3292 [egg-security] use xframe middleware
2019-03-24 16:34:03,182 INFO 3292 [egg-security] use dta middleware
2019-03-24 16:34:03,182 INFO 3292 [egg-security] compose 6 middlewares into one security middleware
2019-03-24 16:34:03,233 INFO 3292 [egg:core] dump config after load, 9ms
2019-03-24 16:34:03,257 INFO 3292 [egg-watcher:application] watcher start success
2019-03-24 16:34:03,265 INFO 3292 [egg:core] dump config after ready, 6ms
2019-03-24 16:34:11,453 INFO 10500 [egg:logger] init all loggers with options: {"dir":"G:\\with-dva\\logs\\beidou-example-with-dva","encoding":"utf8","env":"local","level":"INFO","consoleLevel":"INFO","disableConsoleAfterReady":false,"outputJSON":false,"buffer":true,"appLogName":"beidou-example-with-dva-web.log","coreLogName":"egg-web.log","agentLogName":"egg-agent.log","errorLogName":"common-error.log","coreLogger":{"consoleLevel":"WARN"},"allowDebugAtProd":false,"type":"application"}
2019-03-24 16:34:11,501 INFO 10500 [egg-multipart] stream mode enable
2019-03-24 16:34:11,643 INFO 10500 [egg-static] starting static serve /public/ -> G:\with-dva\app\public
2019-03-24 16:34:11,647 INFO 10500 [egg-security] use methodnoallow middleware
2019-03-24 16:34:11,648 INFO 10500 [egg-security] use noopen middleware
2019-03-24 16:34:11,649 INFO 10500 [egg-security] use nosniff middleware
2019-03-24 16:34:11,650 INFO 10500 [egg-security] use xssProtection middleware
2019-03-24 16:34:11,650 INFO 10500 [egg-security] use xframe middleware
2019-03-24 16:34:11,651 INFO 10500 [egg-security] use dta middleware
2019-03-24 16:34:11,651 INFO 10500 [egg-security] compose 6 middlewares into one security middleware
2019-03-24 16:34:11,691 INFO 10500 [egg:core] dump config after load, 6ms
2019-03-24 16:34:11,709 INFO 10500 [egg-watcher:application] watcher start success
2019-03-24 16:34:11,716 INFO 10500 [egg:core] dump config after ready, 4ms
2019-03-24 16:35:45,655 INFO 11244 [egg:logger] init all loggers with options: {"dir":"G:\\with-dva\\logs\\beidou-example-with-dva","encoding":"utf8","env":"local","level":"INFO","consoleLevel":"INFO","disableConsoleAfterReady":false,"outputJSON":false,"buffer":true,"appLogName":"beidou-example-with-dva-web.log","coreLogName":"egg-web.log","agentLogName":"egg-agent.log","errorLogName":"common-error.log","coreLogger":{"consoleLevel":"WARN"},"allowDebugAtProd":false,"type":"application"}
2019-03-24 16:35:45,714 INFO 11244 [egg-multipart] stream mode enable
2019-03-24 16:35:45,931 INFO 11244 [egg-static] starting static serve /public/ -> G:\with-dva\app\public
2019-03-24 16:35:45,935 INFO 11244 [egg-security] use methodnoallow middleware
2019-03-24 16:35:45,935 INFO 11244 [egg-security] use noopen middleware
2019-03-24 16:35:45,937 INFO 11244 [egg-security] use nosniff middleware
2019-03-24 16:35:45,937 INFO 11244 [egg-security] use xssProtection middleware
2019-03-24 16:35:45,938 INFO 11244 [egg-security] use xframe middleware
2019-03-24 16:35:45,939 INFO 11244 [egg-security] use dta middleware
2019-03-24 16:35:45,939 INFO 11244 [egg-security] compose 6 middlewares into one security middleware
2019-03-24 16:35:45,980 INFO 11244 [egg:core] dump config after load, 9ms
2019-03-24 16:35:46,001 INFO 11244 [egg-watcher:application] watcher start success
2019-03-24 16:35:46,009 INFO 11244 [egg:core] dump config after ready, 6ms
2019-03-24 16:36:30,199 INFO 9564 [egg:logger] init all loggers with options: {"dir":"G:\\with-dva\\logs\\beidou-example-with-dva","encoding":"utf8","env":"local","level":"INFO","consoleLevel":"INFO","disableConsoleAfterReady":false,"outputJSON":false,"buffer":true,"appLogName":"beidou-example-with-dva-web.log","coreLogName":"egg-web.log","agentLogName":"egg-agent.log","errorLogName":"common-error.log","coreLogger":{"consoleLevel":"WARN"},"allowDebugAtProd":false,"type":"application"}
2019-03-24 16:36:30,243 INFO 9564 [egg-multipart] stream mode enable
2019-03-24 16:36:30,471 INFO 9564 [egg-static] starting static serve /public/ -> G:\with-dva\app\public
2019-03-24 16:36:30,474 INFO 9564 [egg-security] use methodnoallow middleware
2019-03-24 16:36:30,475 INFO 9564 [egg-security] use noopen middleware
2019-03-24 16:36:30,476 INFO 9564 [egg-security] use nosniff middleware
2019-03-24 16:36:30,477 INFO 9564 [egg-security] use xssProtection middleware
2019-03-24 16:36:30,477 INFO 9564 [egg-security] use xframe middleware
2019-03-24 16:36:30,478 INFO 9564 [egg-security] use dta middleware
2019-03-24 16:36:30,478 INFO 9564 [egg-security] compose 6 middlewares into one security middleware
2019-03-24 16:36:30,519 INFO 9564 [egg:core] dump config after load, 7ms
2019-03-24 16:36:30,546 INFO 9564 [egg-watcher:application] watcher start success
2019-03-24 16:36:30,553 INFO 9564 [egg:core] dump config after ready, 5ms
2019-03-24 16:36:48,077 INFO 9232 [egg:logger] init all loggers with options: {"dir":"G:\\with-dva\\logs\\beidou-example-with-dva","encoding":"utf8","env":"local","level":"INFO","consoleLevel":"INFO","disableConsoleAfterReady":false,"outputJSON":false,"buffer":true,"appLogName":"beidou-example-with-dva-web.log","coreLogName":"egg-web.log","agentLogName":"egg-agent.log","errorLogName":"common-error.log","coreLogger":{"consoleLevel":"WARN"},"allowDebugAtProd":false,"type":"application"}
2019-03-24 16:36:48,119 INFO 9232 [egg-multipart] stream mode enable
2019-03-24 16:36:48,406 INFO 9232 [egg-static] starting static serve /public/ -> G:\with-dva\app\public
2019-03-24 16:36:48,410 INFO 9232 [egg-security] use methodnoallow middleware
2019-03-24 16:36:48,411 INFO 9232 [egg-security] use noopen middleware
2019-03-24 16:36:48,412 INFO 9232 [egg-security] use nosniff middleware
2019-03-24 16:36:48,413 INFO 9232 [egg-security] use xssProtection middleware
2019-03-24 16:36:48,414 INFO 9232 [egg-security] use xframe middleware
2019-03-24 16:36:48,415 INFO 9232 [egg-security] use dta middleware
2019-03-24 16:36:48,415 INFO 9232 [egg-security] compose 6 middlewares into one security middleware
2019-03-24 16:36:48,459 INFO 9232 [egg:core] dump config after load, 10ms
2019-03-24 16:36:48,478 INFO 9232 [egg-watcher:application] watcher start success
2019-03-24 16:36:48,490 INFO 9232 [egg:core] dump config after ready, 10ms
2019-03-24 16:37:09,931 INFO 7540 [egg:logger] init all loggers with options: {"dir":"G:\\with-dva\\logs\\beidou-example-with-dva","encoding":"utf8","env":"local","level":"INFO","consoleLevel":"INFO","disableConsoleAfterReady":false,"outputJSON":false,"buffer":true,"appLogName":"beidou-example-with-dva-web.log","coreLogName":"egg-web.log","agentLogName":"egg-agent.log","errorLogName":"common-error.log","coreLogger":{"consoleLevel":"WARN"},"allowDebugAtProd":false,"type":"application"}
2019-03-24 16:37:09,975 INFO 7540 [egg-multipart] stream mode enable
2019-03-24 16:37:10,253 INFO 7540 [egg-static] starting static serve /public/ -> G:\with-dva\app\public
2019-03-24 16:37:10,257 INFO 7540 [egg-security] use methodnoallow middleware
2019-03-24 16:37:10,257 INFO 7540 [egg-security] use noopen middleware
2019-03-24 16:37:10,259 INFO 7540 [egg-security] use nosniff middleware
2019-03-24 16:37:10,260 INFO 7540 [egg-security] use xssProtection middleware
2019-03-24 16:37:10,260 INFO 7540 [egg-security] use xframe middleware
2019-03-24 16:37:10,261 INFO 7540 [egg-security] use dta middleware
2019-03-24 16:37:10,261 INFO 7540 [egg-security] compose 6 middlewares into one security middleware
2019-03-24 16:37:10,316 INFO 7540 [egg:core] dump config after load, 11ms
2019-03-24 16:37:10,339 INFO 7540 [egg-watcher:application] watcher start success
2019-03-24 16:37:10,354 INFO 7540 [egg:core] dump config after ready, 12ms
